mode: atomic
github.com/yourorg/payment-orchestrator/internal/adapter/stripe/stripe_adapter.go:34.94,35.19 1 0
github.com/yourorg/payment-orchestrator/internal/adapter/stripe/stripe_adapter.go:35.19,37.3 1 0
github.com/yourorg/payment-orchestrator/internal/adapter/stripe/stripe_adapter.go:38.2,38.23 1 0
github.com/yourorg/payment-orchestrator/internal/adapter/stripe/stripe_adapter.go:38.23,40.3 1 0
github.com/yourorg/payment-orchestrator/internal/adapter/stripe/stripe_adapter.go:41.2,41.18 1 0
github.com/yourorg/payment-orchestrator/internal/adapter/stripe/stripe_adapter.go:41.18,43.3 1 0
github.com/yourorg/payment-orchestrator/internal/adapter/stripe/stripe_adapter.go:44.2,48.3 1 0
github.com/yourorg/payment-orchestrator/internal/adapter/stripe/stripe_adapter.go:52.58,54.2 1 0
github.com/yourorg/payment-orchestrator/internal/adapter/stripe/stripe_adapter.go:57.106,58.17 1 0
github.com/yourorg/payment-orchestrator/internal/adapter/stripe/stripe_adapter.go:58.17,60.3 1 0
github.com/yourorg/payment-orchestrator/internal/adapter/stripe/stripe_adapter.go:61.2,61.27 1 0
github.com/yourorg/payment-orchestrator/internal/adapter/stripe/stripe_adapter.go:61.27,63.3 1 0
github.com/yourorg/payment-orchestrator/internal/adapter/stripe/stripe_adapter.go:64.2,64.30 1 0
github.com/yourorg/payment-orchestrator/internal/adapter/stripe/stripe_adapter.go:64.30,66.3 1 0
github.com/yourorg/payment-orchestrator/internal/adapter/stripe/stripe_adapter.go:68.2,73.55 5 0
github.com/yourorg/payment-orchestrator/internal/adapter/stripe/stripe_adapter.go:73.55,75.3 1 0
github.com/yourorg/payment-orchestrator/internal/adapter/stripe/stripe_adapter.go:76.2,76.62 1 0
github.com/yourorg/payment-orchestrator/internal/adapter/stripe/stripe_adapter.go:76.62,78.3 1 0
github.com/yourorg/payment-orchestrator/internal/adapter/stripe/stripe_adapter.go:79.2,79.75 1 0
github.com/yourorg/payment-orchestrator/internal/adapter/stripe/stripe_adapter.go:79.75,81.3 1 0
github.com/yourorg/payment-orchestrator/internal/adapter/stripe/stripe_adapter.go:82.2,82.86 1 0
github.com/yourorg/payment-orchestrator/internal/adapter/stripe/stripe_adapter.go:82.86,84.3 1 0
github.com/yourorg/payment-orchestrator/internal/adapter/stripe/stripe_adapter.go:85.2,85.46 1 0
github.com/yourorg/payment-orchestrator/internal/adapter/mock/mock_adapter.go:25.47,27.2 1 5
github.com/yourorg/payment-orchestrator/internal/adapter/mock/mock_adapter.go:35.35,36.26 1 3
github.com/yourorg/payment-orchestrator/internal/adapter/mock/mock_adapter.go:36.26,38.3 1 2
github.com/yourorg/payment-orchestrator/internal/adapter/mock/mock_adapter.go:41.2,42.37 2 1
github.com/yourorg/payment-orchestrator/internal/adapter/mock/mock_adapter.go:42.37,45.3 2 1
github.com/yourorg/payment-orchestrator/internal/adapter/mock/mock_adapter.go:48.2,55.8 1 1
github.com/yourorg/payment-orchestrator/internal/adapter/mock/mock_adapter.go:59.40,61.2 1 4
github.com/yourorg/payment-orchestrator/pkg/gen/protos/orchestratorexternalv1/external_request.pb.go:37.35,39.29 2 0
github.com/yourorg/payment-orchestrator/pkg/gen/protos/orchestratorexternalv1/external_request.pb.go:39.29,43.3 3 0
github.com/yourorg/payment-orchestrator/pkg/gen/protos/orchestratorexternalv1/external_request.pb.go:46.43,48.2 1 0
github.com/yourorg/payment-orchestrator/pkg/gen/protos/orchestratorexternalv1/external_request.pb.go:50.41,50.42 0 0
github.com/yourorg/payment-orchestrator/pkg/gen/protos/orchestratorexternalv1/external_request.pb.go:52.63,54.41 2 0
github.com/yourorg/payment-orchestrator/pkg/gen/protos/orchestratorexternalv1/external_request.pb.go:54.41,56.34 2 0
github.com/yourorg/payment-orchestrator/pkg/gen/protos/orchestratorexternalv1/external_request.pb.go:56.34,58.4 1 0
github.com/yourorg/payment-orchestrator/pkg/gen/protos/orchestratorexternalv1/external_request.pb.go:59.3,59.12 1 0
github.com/yourorg/payment-orchestrator/pkg/gen/protos/orchestratorexternalv1/external_request.pb.go:61.2,61.24 1 0
github.com/yourorg/payment-orchestrator/pkg/gen/protos/orchestratorexternalv1/external_request.pb.go:65.54,67.2 1 0
github.com/yourorg/payment-orchestrator/pkg/gen/protos/orchestratorexternalv1/external_request.pb.go:69.49,70.14 1 0
github.com/yourorg/payment-orchestrator/pkg/gen/protos/orchestratorexternalv1/external_request.pb.go:70.14,72.3 1 0
github.com/yourorg/payment-orchestrator/pkg/gen/protos/orchestratorexternalv1/external_request.pb.go:73.2,73.11 1 0
github.com/yourorg/payment-orchestrator/pkg/gen/protos/orchestratorexternalv1/external_request.pb.go:76.50,77.14 1 0
github.com/yourorg/payment-orchestrator/pkg/gen/protos/orchestratorexternalv1/external_request.pb.go:77.14,79.3 1 0
github.com/yourorg/payment-orchestrator/pkg/gen/protos/orchestratorexternalv1/external_request.pb.go:80.2,80.11 1 0
github.com/yourorg/payment-orchestrator/pkg/gen/protos/orchestratorexternalv1/external_request.pb.go:83.45,84.14 1 0
github.com/yourorg/payment-orchestrator/pkg/gen/protos/orchestratorexternalv1/external_request.pb.go:84.14,86.3 1 0
github.com/yourorg/payment-orchestrator/pkg/gen/protos/orchestratorexternalv1/external_request.pb.go:87.2,87.10 1 0
github.com/yourorg/payment-orchestrator/pkg/gen/protos/orchestratorexternalv1/external_request.pb.go:90.48,91.14 1 0
github.com/yourorg/payment-orchestrator/pkg/gen/protos/orchestratorexternalv1/external_request.pb.go:91.14,93.3 1 0
github.com/yourorg/payment-orchestrator/pkg/gen/protos/orchestratorexternalv1/external_request.pb.go:94.2,94.11 1 0
github.com/yourorg/payment-orchestrator/pkg/gen/protos/orchestratorexternalv1/external_request.pb.go:97.58,98.14 1 0
github.com/yourorg/payment-orchestrator/pkg/gen/protos/orchestratorexternalv1/external_request.pb.go:98.14,100.3 1 0
github.com/yourorg/payment-orchestrator/pkg/gen/protos/orchestratorexternalv1/external_request.pb.go:101.2,101.12 1 0
github.com/yourorg/payment-orchestrator/pkg/gen/protos/orchestratorexternalv1/external_request.pb.go:104.61,105.14 1 0
github.com/yourorg/payment-orchestrator/pkg/gen/protos/orchestratorexternalv1/external_request.pb.go:105.14,107.3 1 0
github.com/yourorg/payment-orchestrator/pkg/gen/protos/orchestratorexternalv1/external_request.pb.go:108.2,108.12 1 0
github.com/yourorg/payment-orchestrator/pkg/gen/protos/orchestratorexternalv1/external_request.pb.go:111.59,112.14 1 0
github.com/yourorg/payment-orchestrator/pkg/gen/protos/orchestratorexternalv1/external_request.pb.go:112.14,114.3 1 0
github.com/yourorg/payment-orchestrator/pkg/gen/protos/orchestratorexternalv1/external_request.pb.go:115.2,115.12 1 0
github.com/yourorg/payment-orchestrator/pkg/gen/protos/orchestratorexternalv1/external_request.pb.go:128.35,130.29 2 0
github.com/yourorg/payment-orchestrator/pkg/gen/protos/orchestratorexternalv1/external_request.pb.go:130.29,134.3 3 0
github.com/yourorg/payment-orchestrator/pkg/gen/protos/orchestratorexternalv1/external_request.pb.go:137.43,139.2 1 0
github.com/yourorg/payment-orchestrator/pkg/gen/protos/orchestratorexternalv1/external_request.pb.go:141.41,141.42 0 0
github.com/yourorg/payment-orchestrator/pkg/gen/protos/orchestratorexternalv1/external_request.pb.go:143.63,145.41 2 0
github.com/yourorg/payment-orchestrator/pkg/gen/protos/orchestratorexternalv1/external_request.pb.go:145.41,147.34 2 0
github.com/yourorg/payment-orchestrator/pkg/gen/protos/orchestratorexternalv1/external_request.pb.go:147.34,149.4 1 0
github.com/yourorg/payment-orchestrator/pkg/gen/protos/orchestratorexternalv1/external_request.pb.go:150.3,150.12 1 0
github.com/yourorg/payment-orchestrator/pkg/gen/protos/orchestratorexternalv1/external_request.pb.go:152.2,152.24 1 0
github.com/yourorg/payment-orchestrator/pkg/gen/protos/orchestratorexternalv1/external_request.pb.go:156.54,158.2 1 0
github.com/yourorg/payment-orchestrator/pkg/gen/protos/orchestratorexternalv1/external_request.pb.go:160.44,161.14 1 0
github.com/yourorg/payment-orchestrator/pkg/gen/protos/orchestratorexternalv1/external_request.pb.go:161.14,163.3 1 0
github.com/yourorg/payment-orchestrator/pkg/gen/protos/orchestratorexternalv1/external_request.pb.go:164.2,164.11 1 0
github.com/yourorg/payment-orchestrator/pkg/gen/protos/orchestratorexternalv1/external_request.pb.go:167.45,168.14 1 0
github.com/yourorg/payment-orchestrator/pkg/gen/protos/orchestratorexternalv1/external_request.pb.go:168.14,170.3 1 0
github.com/yourorg/payment-orchestrator/pkg/gen/protos/orchestratorexternalv1/external_request.pb.go:171.2,171.11 1 0
github.com/yourorg/payment-orchestrator/pkg/gen/protos/orchestratorexternalv1/external_request.pb.go:174.45,175.14 1 0
github.com/yourorg/payment-orchestrator/pkg/gen/protos/orchestratorexternalv1/external_request.pb.go:175.14,177.3 1 0
github.com/yourorg/payment-orchestrator/pkg/gen/protos/orchestratorexternalv1/external_request.pb.go:178.2,178.11 1 0
github.com/yourorg/payment-orchestrator/pkg/gen/protos/orchestratorexternalv1/external_request.pb.go:193.33,195.29 2 0
github.com/yourorg/payment-orchestrator/pkg/gen/protos/orchestratorexternalv1/external_request.pb.go:195.29,199.3 3 0
github.com/yourorg/payment-orchestrator/pkg/gen/protos/orchestratorexternalv1/external_request.pb.go:202.41,204.2 1 0
github.com/yourorg/payment-orchestrator/pkg/gen/protos/orchestratorexternalv1/external_request.pb.go:206.39,206.40 0 0
github.com/yourorg/payment-orchestrator/pkg/gen/protos/orchestratorexternalv1/external_request.pb.go:208.61,210.41 2 0
github.com/yourorg/payment-orchestrator/pkg/gen/protos/orchestratorexternalv1/external_request.pb.go:210.41,212.34 2 0
github.com/yourorg/payment-orchestrator/pkg/gen/protos/orchestratorexternalv1/external_request.pb.go:212.34,214.4 1 0
github.com/yourorg/payment-orchestrator/pkg/gen/protos/orchestratorexternalv1/external_request.pb.go:215.3,215.12 1 0
github.com/yourorg/payment-orchestrator/pkg/gen/protos/orchestratorexternalv1/external_request.pb.go:217.2,217.24 1 0
github.com/yourorg/payment-orchestrator/pkg/gen/protos/orchestratorexternalv1/external_request.pb.go:221.52,223.2 1 0
github.com/yourorg/payment-orchestrator/pkg/gen/protos/orchestratorexternalv1/external_request.pb.go:225.60,226.14 1 0
github.com/yourorg/payment-orchestrator/pkg/gen/protos/orchestratorexternalv1/external_request.pb.go:226.14,228.3 1 0
github.com/yourorg/payment-orchestrator/pkg/gen/protos/orchestratorexternalv1/external_request.pb.go:229.2,229.12 1 0
github.com/yourorg/payment-orchestrator/pkg/gen/protos/orchestratorexternalv1/external_request.pb.go:232.45,233.54 1 0
github.com/yourorg/payment-orchestrator/pkg/gen/protos/orchestratorexternalv1/external_request.pb.go:233.54,235.3 1 0
github.com/yourorg/payment-orchestrator/pkg/gen/protos/orchestratorexternalv1/external_request.pb.go:236.2,236.12 1 0
github.com/yourorg/payment-orchestrator/pkg/gen/protos/orchestratorexternalv1/external_request.pb.go:239.49,240.56 1 0
github.com/yourorg/payment-orchestrator/pkg/gen/protos/orchestratorexternalv1/external_request.pb.go:240.56,242.3 1 0
github.com/yourorg/payment-orchestrator/pkg/gen/protos/orchestratorexternalv1/external_request.pb.go:243.2,243.12 1 0
github.com/yourorg/payment-orchestrator/pkg/gen/protos/orchestratorexternalv1/external_request.pb.go:258.54,258.55 0 0
github.com/yourorg/payment-orchestrator/pkg/gen/protos/orchestratorexternalv1/external_request.pb.go:260.56,260.57 0 0
github.com/yourorg/payment-orchestrator/pkg/gen/protos/orchestratorexternalv1/external_request.pb.go:273.28,275.29 2 0
github.com/yourorg/payment-orchestrator/pkg/gen/protos/orchestratorexternalv1/external_request.pb.go:275.29,279.3 3 0
github.com/yourorg/payment-orchestrator/pkg/gen/protos/orchestratorexternalv1/external_request.pb.go:282.36,284.2 1 0
github.com/yourorg/payment-orchestrator/pkg/gen/protos/orchestratorexternalv1/external_request.pb.go:286.34,286.35 0 0
github.com/yourorg/payment-orchestrator/pkg/gen/protos/orchestratorexternalv1/external_request.pb.go:288.56,290.41 2 0
github.com/yourorg/payment-orchestrator/pkg/gen/protos/orchestratorexternalv1/external_request.pb.go:290.41,292.34 2 0
github.com/yourorg/payment-orchestrator/pkg/gen/protos/orchestratorexternalv1/external_request.pb.go:292.34,294.4 1 0
github.com/yourorg/payment-orchestrator/pkg/gen/protos/orchestratorexternalv1/external_request.pb.go:295.3,295.12 1 0
github.com/yourorg/payment-orchestrator/pkg/gen/protos/orchestratorexternalv1/external_request.pb.go:297.2,297.24 1 0
github.com/yourorg/payment-orchestrator/pkg/gen/protos/orchestratorexternalv1/external_request.pb.go:301.47,303.2 1 0
github.com/yourorg/payment-orchestrator/pkg/gen/protos/orchestratorexternalv1/external_request.pb.go:305.43,306.14 1 0
github.com/yourorg/payment-orchestrator/pkg/gen/protos/orchestratorexternalv1/external_request.pb.go:306.14,308.3 1 0
github.com/yourorg/payment-orchestrator/pkg/gen/protos/orchestratorexternalv1/external_request.pb.go:309.2,309.11 1 0
github.com/yourorg/payment-orchestrator/pkg/gen/protos/orchestratorexternalv1/external_request.pb.go:312.44,313.14 1 0
github.com/yourorg/payment-orchestrator/pkg/gen/protos/orchestratorexternalv1/external_request.pb.go:313.14,315.3 1 0
github.com/yourorg/payment-orchestrator/pkg/gen/protos/orchestratorexternalv1/external_request.pb.go:316.2,316.11 1 0
github.com/yourorg/payment-orchestrator/pkg/gen/protos/orchestratorexternalv1/external_request.pb.go:319.43,320.14 1 0
github.com/yourorg/payment-orchestrator/pkg/gen/protos/orchestratorexternalv1/external_request.pb.go:320.14,322.3 1 0
github.com/yourorg/payment-orchestrator/pkg/gen/protos/orchestratorexternalv1/external_request.pb.go:323.2,323.11 1 0
github.com/yourorg/payment-orchestrator/pkg/gen/protos/orchestratorexternalv1/external_request.pb.go:326.36,327.14 1 0
github.com/yourorg/payment-orchestrator/pkg/gen/protos/orchestratorexternalv1/external_request.pb.go:327.14,329.3 1 0
github.com/yourorg/payment-orchestrator/pkg/gen/protos/orchestratorexternalv1/external_request.pb.go:330.2,330.11 1 0
github.com/yourorg/payment-orchestrator/pkg/gen/protos/orchestratorexternalv1/external_request.pb.go:342.30,344.29 2 0
github.com/yourorg/payment-orchestrator/pkg/gen/protos/orchestratorexternalv1/external_request.pb.go:344.29,348.3 3 0
github.com/yourorg/payment-orchestrator/pkg/gen/protos/orchestratorexternalv1/external_request.pb.go:351.38,353.2 1 0
github.com/yourorg/payment-orchestrator/pkg/gen/protos/orchestratorexternalv1/external_request.pb.go:355.36,355.37 0 0
github.com/yourorg/payment-orchestrator/pkg/gen/protos/orchestratorexternalv1/external_request.pb.go:357.58,359.41 2 0
github.com/yourorg/payment-orchestrator/pkg/gen/protos/orchestratorexternalv1/external_request.pb.go:359.41,361.34 2 0
github.com/yourorg/payment-orchestrator/pkg/gen/protos/orchestratorexternalv1/external_request.pb.go:361.34,363.4 1 0
github.com/yourorg/payment-orchestrator/pkg/gen/protos/orchestratorexternalv1/external_request.pb.go:364.3,364.12 1 0
github.com/yourorg/payment-orchestrator/pkg/gen/protos/orchestratorexternalv1/external_request.pb.go:366.2,366.24 1 0
github.com/yourorg/payment-orchestrator/pkg/gen/protos/orchestratorexternalv1/external_request.pb.go:370.49,372.2 1 0
github.com/yourorg/payment-orchestrator/pkg/gen/protos/orchestratorexternalv1/external_request.pb.go:374.45,375.14 1 0
github.com/yourorg/payment-orchestrator/pkg/gen/protos/orchestratorexternalv1/external_request.pb.go:375.14,377.3 1 0
github.com/yourorg/payment-orchestrator/pkg/gen/protos/orchestratorexternalv1/external_request.pb.go:378.2,378.11 1 0
github.com/yourorg/payment-orchestrator/pkg/gen/protos/orchestratorexternalv1/external_request.pb.go:381.40,382.14 1 0
github.com/yourorg/payment-orchestrator/pkg/gen/protos/orchestratorexternalv1/external_request.pb.go:382.14,384.3 1 0
github.com/yourorg/payment-orchestrator/pkg/gen/protos/orchestratorexternalv1/external_request.pb.go:385.2,385.11 1 0
github.com/yourorg/payment-orchestrator/pkg/gen/protos/orchestratorexternalv1/external_request.pb.go:460.85,461.82 1 0
github.com/yourorg/payment-orchestrator/pkg/gen/protos/orchestratorexternalv1/external_request.pb.go:461.82,463.3 1 0
github.com/yourorg/payment-orchestrator/pkg/gen/protos/orchestratorexternalv1/external_request.pb.go:464.2,464.78 1 0
github.com/yourorg/payment-orchestrator/pkg/gen/protos/orchestratorexternalv1/external_request.pb.go:489.13,489.81 1 1
github.com/yourorg/payment-orchestrator/pkg/gen/protos/orchestratorexternalv1/external_request.pb.go:490.71,491.70 1 1
github.com/yourorg/payment-orchestrator/pkg/gen/protos/orchestratorexternalv1/external_request.pb.go:491.70,493.3 1 0
github.com/yourorg/payment-orchestrator/pkg/gen/protos/orchestratorexternalv1/external_request.pb.go:494.2,494.30 1 1
github.com/yourorg/payment-orchestrator/pkg/gen/protos/orchestratorexternalv1/external_request.pb.go:494.30,495.123 1 0
github.com/yourorg/payment-orchestrator/pkg/gen/protos/orchestratorexternalv1/external_request.pb.go:495.123,496.40 1 0
github.com/yourorg/payment-orchestrator/pkg/gen/protos/orchestratorexternalv1/external_request.pb.go:497.11,498.20 1 0
github.com/yourorg/payment-orchestrator/pkg/gen/protos/orchestratorexternalv1/external_request.pb.go:499.11,500.24 1 0
github.com/yourorg/payment-orchestrator/pkg/gen/protos/orchestratorexternalv1/external_request.pb.go:501.11,502.28 1 0
github.com/yourorg/payment-orchestrator/pkg/gen/protos/orchestratorexternalv1/external_request.pb.go:503.12,504.15 1 0
github.com/yourorg/payment-orchestrator/pkg/gen/protos/orchestratorexternalv1/external_request.pb.go:507.3,507.123 1 0
github.com/yourorg/payment-orchestrator/pkg/gen/protos/orchestratorexternalv1/external_request.pb.go:507.123,508.40 1 0
github.com/yourorg/payment-orchestrator/pkg/gen/protos/orchestratorexternalv1/external_request.pb.go:509.11,510.20 1 0
github.com/yourorg/payment-orchestrator/pkg/gen/protos/orchestratorexternalv1/external_request.pb.go:511.11,512.24 1 0
github.com/yourorg/payment-orchestrator/pkg/gen/protos/orchestratorexternalv1/external_request.pb.go:513.11,514.28 1 0
github.com/yourorg/payment-orchestrator/pkg/gen/protos/orchestratorexternalv1/external_request.pb.go:515.12,516.15 1 0
github.com/yourorg/payment-orchestrator/pkg/gen/protos/orchestratorexternalv1/external_request.pb.go:519.3,519.123 1 0
github.com/yourorg/payment-orchestrator/pkg/gen/protos/orchestratorexternalv1/external_request.pb.go:519.123,520.38 1 0
github.com/yourorg/payment-orchestrator/pkg/gen/protos/orchestratorexternalv1/external_request.pb.go:521.11,522.20 1 0
github.com/yourorg/payment-orchestrator/pkg/gen/protos/orchestratorexternalv1/external_request.pb.go:523.11,524.24 1 0
github.com/yourorg/payment-orchestrator/pkg/gen/protos/orchestratorexternalv1/external_request.pb.go:525.11,526.28 1 0
github.com/yourorg/payment-orchestrator/pkg/gen/protos/orchestratorexternalv1/external_request.pb.go:527.12,528.15 1 0
github.com/yourorg/payment-orchestrator/pkg/gen/protos/orchestratorexternalv1/external_request.pb.go:531.3,531.123 1 0
github.com/yourorg/payment-orchestrator/pkg/gen/protos/orchestratorexternalv1/external_request.pb.go:531.123,532.33 1 0
github.com/yourorg/payment-orchestrator/pkg/gen/protos/orchestratorexternalv1/external_request.pb.go:533.11,534.20 1 0
github.com/yourorg/payment-orchestrator/pkg/gen/protos/orchestratorexternalv1/external_request.pb.go:535.11,536.24 1 0
github.com/yourorg/payment-orchestrator/pkg/gen/protos/orchestratorexternalv1/external_request.pb.go:537.11,538.28 1 0
github.com/yourorg/payment-orchestrator/pkg/gen/protos/orchestratorexternalv1/external_request.pb.go:539.12,540.15 1 0
github.com/yourorg/payment-orchestrator/pkg/gen/protos/orchestratorexternalv1/external_request.pb.go:543.3,543.123 1 0
github.com/yourorg/payment-orchestrator/pkg/gen/protos/orchestratorexternalv1/external_request.pb.go:543.123,544.35 1 0
github.com/yourorg/payment-orchestrator/pkg/gen/protos/orchestratorexternalv1/external_request.pb.go:545.11,546.20 1 0
github.com/yourorg/payment-orchestrator/pkg/gen/protos/orchestratorexternalv1/external_request.pb.go:547.11,548.24 1 0
github.com/yourorg/payment-orchestrator/pkg/gen/protos/orchestratorexternalv1/external_request.pb.go:549.11,550.28 1 0
github.com/yourorg/payment-orchestrator/pkg/gen/protos/orchestratorexternalv1/external_request.pb.go:551.12,552.15 1 0
github.com/yourorg/payment-orchestrator/pkg/gen/protos/orchestratorexternalv1/external_request.pb.go:556.2,577.73 7 1
github.com/yourorg/payment-orchestrator/pkg/gen/protos/orchestratorinternalv1/payment_plan.pb.go:32.31,34.29 2 0
github.com/yourorg/payment-orchestrator/pkg/gen/protos/orchestratorinternalv1/payment_plan.pb.go:34.29,38.3 3 0
github.com/yourorg/payment-orchestrator/pkg/gen/protos/orchestratorinternalv1/payment_plan.pb.go:41.39,43.2 1 0
github.com/yourorg/payment-orchestrator/pkg/gen/protos/orchestratorinternalv1/payment_plan.pb.go:45.37,45.38 0 0
github.com/yourorg/payment-orchestrator/pkg/gen/protos/orchestratorinternalv1/payment_plan.pb.go:47.59,49.41 2 0
github.com/yourorg/payment-orchestrator/pkg/gen/protos/orchestratorinternalv1/payment_plan.pb.go:49.41,51.34 2 0
github.com/yourorg/payment-orchestrator/pkg/gen/protos/orchestratorinternalv1/payment_plan.pb.go:51.34,53.4 1 0
github.com/yourorg/payment-orchestrator/pkg/gen/protos/orchestratorinternalv1/payment_plan.pb.go:54.3,54.12 1 0
github.com/yourorg/payment-orchestrator/pkg/gen/protos/orchestratorinternalv1/payment_plan.pb.go:56.2,56.24 1 0
github.com/yourorg/payment-orchestrator/pkg/gen/protos/orchestratorinternalv1/payment_plan.pb.go:60.50,62.2 1 0
github.com/yourorg/payment-orchestrator/pkg/gen/protos/orchestratorinternalv1/payment_plan.pb.go:64.42,65.14 1 0
github.com/yourorg/payment-orchestrator/pkg/gen/protos/orchestratorinternalv1/payment_plan.pb.go:65.14,67.3 1 0
github.com/yourorg/payment-orchestrator/pkg/gen/protos/orchestratorinternalv1/payment_plan.pb.go:68.2,68.11 1 0
github.com/yourorg/payment-orchestrator/pkg/gen/protos/orchestratorinternalv1/payment_plan.pb.go:71.49,72.14 1 0
github.com/yourorg/payment-orchestrator/pkg/gen/protos/orchestratorinternalv1/payment_plan.pb.go:72.14,74.3 1 0
github.com/yourorg/payment-orchestrator/pkg/gen/protos/orchestratorinternalv1/payment_plan.pb.go:75.2,75.12 1 0
github.com/yourorg/payment-orchestrator/pkg/gen/protos/orchestratorinternalv1/payment_plan.pb.go:108.81,109.78 1 0
github.com/yourorg/payment-orchestrator/pkg/gen/protos/orchestratorinternalv1/payment_plan.pb.go:109.78,111.3 1 0
github.com/yourorg/payment-orchestrator/pkg/gen/protos/orchestratorinternalv1/payment_plan.pb.go:112.2,112.74 1 0
github.com/yourorg/payment-orchestrator/pkg/gen/protos/orchestratorinternalv1/payment_plan.pb.go:129.13,129.77 1 1
github.com/yourorg/payment-orchestrator/pkg/gen/protos/orchestratorinternalv1/payment_plan.pb.go:130.67,131.66 1 1
github.com/yourorg/payment-orchestrator/pkg/gen/protos/orchestratorinternalv1/payment_plan.pb.go:131.66,133.3 1 0
github.com/yourorg/payment-orchestrator/pkg/gen/protos/orchestratorinternalv1/payment_plan.pb.go:134.2,135.30 2 1
github.com/yourorg/payment-orchestrator/pkg/gen/protos/orchestratorinternalv1/payment_plan.pb.go:135.30,136.119 1 0
github.com/yourorg/payment-orchestrator/pkg/gen/protos/orchestratorinternalv1/payment_plan.pb.go:136.119,137.36 1 0
github.com/yourorg/payment-orchestrator/pkg/gen/protos/orchestratorinternalv1/payment_plan.pb.go:138.11,139.20 1 0
github.com/yourorg/payment-orchestrator/pkg/gen/protos/orchestratorinternalv1/payment_plan.pb.go:140.11,141.24 1 0
github.com/yourorg/payment-orchestrator/pkg/gen/protos/orchestratorinternalv1/payment_plan.pb.go:142.11,143.28 1 0
github.com/yourorg/payment-orchestrator/pkg/gen/protos/orchestratorinternalv1/payment_plan.pb.go:144.12,145.15 1 0
github.com/yourorg/payment-orchestrator/pkg/gen/protos/orchestratorinternalv1/payment_plan.pb.go:149.2,166.69 6 1
github.com/yourorg/payment-orchestrator/pkg/gen/protos/orchestratorinternalv1/payment_step.pb.go:41.31,43.29 2 0
github.com/yourorg/payment-orchestrator/pkg/gen/protos/orchestratorinternalv1/payment_step.pb.go:43.29,47.3 3 0
github.com/yourorg/payment-orchestrator/pkg/gen/protos/orchestratorinternalv1/payment_step.pb.go:50.39,52.2 1 0
github.com/yourorg/payment-orchestrator/pkg/gen/protos/orchestratorinternalv1/payment_step.pb.go:54.37,54.38 0 0
github.com/yourorg/payment-orchestrator/pkg/gen/protos/orchestratorinternalv1/payment_step.pb.go:56.59,58.41 2 0
github.com/yourorg/payment-orchestrator/pkg/gen/protos/orchestratorinternalv1/payment_step.pb.go:58.41,60.34 2 0
github.com/yourorg/payment-orchestrator/pkg/gen/protos/orchestratorinternalv1/payment_step.pb.go:60.34,62.4 1 0
github.com/yourorg/payment-orchestrator/pkg/gen/protos/orchestratorinternalv1/payment_step.pb.go:63.3,63.12 1 0
github.com/yourorg/payment-orchestrator/pkg/gen/protos/orchestratorinternalv1/payment_step.pb.go:65.2,65.24 1 0
github.com/yourorg/payment-orchestrator/pkg/gen/protos/orchestratorinternalv1/payment_step.pb.go:69.50,71.2 1 0
github.com/yourorg/payment-orchestrator/pkg/gen/protos/orchestratorinternalv1/payment_step.pb.go:73.42,74.14 1 0
github.com/yourorg/payment-orchestrator/pkg/gen/protos/orchestratorinternalv1/payment_step.pb.go:74.14,76.3 1 0
github.com/yourorg/payment-orchestrator/pkg/gen/protos/orchestratorinternalv1/payment_step.pb.go:77.2,77.11 1 0
github.com/yourorg/payment-orchestrator/pkg/gen/protos/orchestratorinternalv1/payment_step.pb.go:80.48,81.14 1 0
github.com/yourorg/payment-orchestrator/pkg/gen/protos/orchestratorinternalv1/payment_step.pb.go:81.14,83.3 1 0
github.com/yourorg/payment-orchestrator/pkg/gen/protos/orchestratorinternalv1/payment_step.pb.go:84.2,84.11 1 0
github.com/yourorg/payment-orchestrator/pkg/gen/protos/orchestratorinternalv1/payment_step.pb.go:87.41,88.14 1 0
github.com/yourorg/payment-orchestrator/pkg/gen/protos/orchestratorinternalv1/payment_step.pb.go:88.14,90.3 1 0
github.com/yourorg/payment-orchestrator/pkg/gen/protos/orchestratorinternalv1/payment_step.pb.go:91.2,91.10 1 0
github.com/yourorg/payment-orchestrator/pkg/gen/protos/orchestratorinternalv1/payment_step.pb.go:94.44,95.14 1 0
github.com/yourorg/payment-orchestrator/pkg/gen/protos/orchestratorinternalv1/payment_step.pb.go:95.14,97.3 1 0
github.com/yourorg/payment-orchestrator/pkg/gen/protos/orchestratorinternalv1/payment_step.pb.go:98.2,98.11 1 0
github.com/yourorg/payment-orchestrator/pkg/gen/protos/orchestratorinternalv1/payment_step.pb.go:101.42,102.14 1 0
github.com/yourorg/payment-orchestrator/pkg/gen/protos/orchestratorinternalv1/payment_step.pb.go:102.14,104.3 1 0
github.com/yourorg/payment-orchestrator/pkg/gen/protos/orchestratorinternalv1/payment_step.pb.go:105.2,105.14 1 0
github.com/yourorg/payment-orchestrator/pkg/gen/protos/orchestratorinternalv1/payment_step.pb.go:108.55,109.14 1 0
github.com/yourorg/payment-orchestrator/pkg/gen/protos/orchestratorinternalv1/payment_step.pb.go:109.14,111.3 1 0
github.com/yourorg/payment-orchestrator/pkg/gen/protos/orchestratorinternalv1/payment_step.pb.go:112.2,112.12 1 0
github.com/yourorg/payment-orchestrator/pkg/gen/protos/orchestratorinternalv1/payment_step.pb.go:115.62,116.14 1 0
github.com/yourorg/payment-orchestrator/pkg/gen/protos/orchestratorinternalv1/payment_step.pb.go:116.14,118.3 1 0
github.com/yourorg/payment-orchestrator/pkg/gen/protos/orchestratorinternalv1/payment_step.pb.go:119.2,119.12 1 0
github.com/yourorg/payment-orchestrator/pkg/gen/protos/orchestratorinternalv1/payment_step.pb.go:171.81,172.78 1 0
github.com/yourorg/payment-orchestrator/pkg/gen/protos/orchestratorinternalv1/payment_step.pb.go:172.78,174.3 1 0
github.com/yourorg/payment-orchestrator/pkg/gen/protos/orchestratorinternalv1/payment_step.pb.go:175.2,175.74 1 0
github.com/yourorg/payment-orchestrator/pkg/gen/protos/orchestratorinternalv1/payment_step.pb.go:194.13,194.77 1 1
github.com/yourorg/payment-orchestrator/pkg/gen/protos/orchestratorinternalv1/payment_step.pb.go:195.67,196.66 1 2
github.com/yourorg/payment-orchestrator/pkg/gen/protos/orchestratorinternalv1/payment_step.pb.go:196.66,198.3 1 1
github.com/yourorg/payment-orchestrator/pkg/gen/protos/orchestratorinternalv1/payment_step.pb.go:199.2,199.30 1 1
github.com/yourorg/payment-orchestrator/pkg/gen/protos/orchestratorinternalv1/payment_step.pb.go:199.30,200.119 1 0
github.com/yourorg/payment-orchestrator/pkg/gen/protos/orchestratorinternalv1/payment_step.pb.go:200.119,201.36 1 0
github.com/yourorg/payment-orchestrator/pkg/gen/protos/orchestratorinternalv1/payment_step.pb.go:202.11,203.20 1 0
github.com/yourorg/payment-orchestrator/pkg/gen/protos/orchestratorinternalv1/payment_step.pb.go:204.11,205.24 1 0
github.com/yourorg/payment-orchestrator/pkg/gen/protos/orchestratorinternalv1/payment_step.pb.go:206.11,207.28 1 0
github.com/yourorg/payment-orchestrator/pkg/gen/protos/orchestratorinternalv1/payment_step.pb.go:208.12,209.15 1 0
github.com/yourorg/payment-orchestrator/pkg/gen/protos/orchestratorinternalv1/payment_step.pb.go:213.2,230.69 6 1
github.com/yourorg/payment-orchestrator/pkg/gen/protos/orchestratorinternalv1/step_result.pb.go:37.30,39.29 2 0
github.com/yourorg/payment-orchestrator/pkg/gen/protos/orchestratorinternalv1/step_result.pb.go:39.29,43.3 3 0
github.com/yourorg/payment-orchestrator/pkg/gen/protos/orchestratorinternalv1/step_result.pb.go:46.38,48.2 1 0
github.com/yourorg/payment-orchestrator/pkg/gen/protos/orchestratorinternalv1/step_result.pb.go:50.36,50.37 0 0
github.com/yourorg/payment-orchestrator/pkg/gen/protos/orchestratorinternalv1/step_result.pb.go:52.58,54.41 2 0
github.com/yourorg/payment-orchestrator/pkg/gen/protos/orchestratorinternalv1/step_result.pb.go:54.41,56.34 2 0
github.com/yourorg/payment-orchestrator/pkg/gen/protos/orchestratorinternalv1/step_result.pb.go:56.34,58.4 1 0
github.com/yourorg/payment-orchestrator/pkg/gen/protos/orchestratorinternalv1/step_result.pb.go:59.3,59.12 1 0
github.com/yourorg/payment-orchestrator/pkg/gen/protos/orchestratorinternalv1/step_result.pb.go:61.2,61.24 1 0
github.com/yourorg/payment-orchestrator/pkg/gen/protos/orchestratorinternalv1/step_result.pb.go:65.49,67.2 1 0
github.com/yourorg/payment-orchestrator/pkg/gen/protos/orchestratorinternalv1/step_result.pb.go:69.41,70.14 1 0
github.com/yourorg/payment-orchestrator/pkg/gen/protos/orchestratorinternalv1/step_result.pb.go:70.14,72.3 1 0
github.com/yourorg/payment-orchestrator/pkg/gen/protos/orchestratorinternalv1/step_result.pb.go:73.2,73.11 1 0
github.com/yourorg/payment-orchestrator/pkg/gen/protos/orchestratorinternalv1/step_result.pb.go:76.40,77.14 1 0
github.com/yourorg/payment-orchestrator/pkg/gen/protos/orchestratorinternalv1/step_result.pb.go:77.14,79.3 1 0
github.com/yourorg/payment-orchestrator/pkg/gen/protos/orchestratorinternalv1/step_result.pb.go:80.2,80.14 1 0
github.com/yourorg/payment-orchestrator/pkg/gen/protos/orchestratorinternalv1/step_result.pb.go:83.47,84.14 1 0
github.com/yourorg/payment-orchestrator/pkg/gen/protos/orchestratorinternalv1/step_result.pb.go:84.14,86.3 1 0
github.com/yourorg/payment-orchestrator/pkg/gen/protos/orchestratorinternalv1/step_result.pb.go:87.2,87.11 1 0
github.com/yourorg/payment-orchestrator/pkg/gen/protos/orchestratorinternalv1/step_result.pb.go:90.44,91.14 1 0
github.com/yourorg/payment-orchestrator/pkg/gen/protos/orchestratorinternalv1/step_result.pb.go:91.14,93.3 1 0
github.com/yourorg/payment-orchestrator/pkg/gen/protos/orchestratorinternalv1/step_result.pb.go:94.2,94.11 1 0
github.com/yourorg/payment-orchestrator/pkg/gen/protos/orchestratorinternalv1/step_result.pb.go:97.47,98.14 1 0
github.com/yourorg/payment-orchestrator/pkg/gen/protos/orchestratorinternalv1/step_result.pb.go:98.14,100.3 1 0
github.com/yourorg/payment-orchestrator/pkg/gen/protos/orchestratorinternalv1/step_result.pb.go:101.2,101.11 1 0
github.com/yourorg/payment-orchestrator/pkg/gen/protos/orchestratorinternalv1/step_result.pb.go:104.43,105.14 1 0
github.com/yourorg/payment-orchestrator/pkg/gen/protos/orchestratorinternalv1/step_result.pb.go:105.14,107.3 1 0
github.com/yourorg/payment-orchestrator/pkg/gen/protos/orchestratorinternalv1/step_result.pb.go:108.2,108.10 1 0
github.com/yourorg/payment-orchestrator/pkg/gen/protos/orchestratorinternalv1/step_result.pb.go:111.53,112.14 1 0
github.com/yourorg/payment-orchestrator/pkg/gen/protos/orchestratorinternalv1/step_result.pb.go:112.14,114.3 1 0
github.com/yourorg/payment-orchestrator/pkg/gen/protos/orchestratorinternalv1/step_result.pb.go:115.2,115.12 1 0
github.com/yourorg/payment-orchestrator/pkg/gen/protos/orchestratorinternalv1/step_result.pb.go:160.80,161.77 1 0
github.com/yourorg/payment-orchestrator/pkg/gen/protos/orchestratorinternalv1/step_result.pb.go:161.77,163.3 1 0
github.com/yourorg/payment-orchestrator/pkg/gen/protos/orchestratorinternalv1/step_result.pb.go:164.2,164.73 1 0
github.com/yourorg/payment-orchestrator/pkg/gen/protos/orchestratorinternalv1/step_result.pb.go:181.13,181.76 1 1
github.com/yourorg/payment-orchestrator/pkg/gen/protos/orchestratorinternalv1/step_result.pb.go:182.66,183.65 1 1
github.com/yourorg/payment-orchestrator/pkg/gen/protos/orchestratorinternalv1/step_result.pb.go:183.65,185.3 1 0
github.com/yourorg/payment-orchestrator/pkg/gen/protos/orchestratorinternalv1/step_result.pb.go:186.2,186.30 1 1
github.com/yourorg/payment-orchestrator/pkg/gen/protos/orchestratorinternalv1/step_result.pb.go:186.30,187.118 1 0
github.com/yourorg/payment-orchestrator/pkg/gen/protos/orchestratorinternalv1/step_result.pb.go:187.118,188.35 1 0
github.com/yourorg/payment-orchestrator/pkg/gen/protos/orchestratorinternalv1/step_result.pb.go:189.11,190.20 1 0
github.com/yourorg/payment-orchestrator/pkg/gen/protos/orchestratorinternalv1/step_result.pb.go:191.11,192.24 1 0
github.com/yourorg/payment-orchestrator/pkg/gen/protos/orchestratorinternalv1/step_result.pb.go:193.11,194.28 1 0
github.com/yourorg/payment-orchestrator/pkg/gen/protos/orchestratorinternalv1/step_result.pb.go:195.12,196.15 1 0
github.com/yourorg/payment-orchestrator/pkg/gen/protos/orchestratorinternalv1/step_result.pb.go:200.2,217.68 6 1
github.com/yourorg/payment-orchestrator/cmd/server/main.go:31.53,34.16 2 0
github.com/yourorg/payment-orchestrator/cmd/server/main.go:34.16,36.3 1 0
github.com/yourorg/payment-orchestrator/cmd/server/main.go:39.2,46.16 2 0
github.com/yourorg/payment-orchestrator/cmd/server/main.go:46.16,48.3 1 0
github.com/yourorg/payment-orchestrator/cmd/server/main.go:51.2,65.16 4 0
github.com/yourorg/payment-orchestrator/cmd/server/main.go:68.44,70.47 2 5
github.com/yourorg/payment-orchestrator/cmd/server/main.go:70.47,74.3 3 1
github.com/yourorg/payment-orchestrator/cmd/server/main.go:77.2,77.26 1 4
github.com/yourorg/payment-orchestrator/cmd/server/main.go:77.26,80.3 2 1
github.com/yourorg/payment-orchestrator/cmd/server/main.go:81.2,81.21 1 3
github.com/yourorg/payment-orchestrator/cmd/server/main.go:81.21,84.3 2 1
github.com/yourorg/payment-orchestrator/cmd/server/main.go:85.2,85.24 1 2
github.com/yourorg/payment-orchestrator/cmd/server/main.go:85.24,88.3 2 1
github.com/yourorg/payment-orchestrator/cmd/server/main.go:91.2,105.181 6 1
github.com/yourorg/payment-orchestrator/cmd/server/main.go:105.181,114.3 1 1
github.com/yourorg/payment-orchestrator/cmd/server/main.go:116.2,117.182 2 1
github.com/yourorg/payment-orchestrator/cmd/server/main.go:117.182,126.3 1 0
github.com/yourorg/payment-orchestrator/cmd/server/main.go:127.2,133.16 6 1
github.com/yourorg/payment-orchestrator/cmd/server/main.go:133.16,137.3 3 0
github.com/yourorg/payment-orchestrator/cmd/server/main.go:139.2,141.16 3 1
github.com/yourorg/payment-orchestrator/cmd/server/main.go:141.16,145.3 3 0
github.com/yourorg/payment-orchestrator/cmd/server/main.go:147.2,154.16 4 1
github.com/yourorg/payment-orchestrator/cmd/server/main.go:154.16,158.3 3 0
github.com/yourorg/payment-orchestrator/cmd/server/main.go:162.2,163.16 2 1
github.com/yourorg/payment-orchestrator/cmd/server/main.go:163.16,167.3 3 0
github.com/yourorg/payment-orchestrator/cmd/server/main.go:170.2,171.16 2 1
github.com/yourorg/payment-orchestrator/cmd/server/main.go:171.16,175.3 3 0
github.com/yourorg/payment-orchestrator/cmd/server/main.go:177.2,177.38 1 1
github.com/yourorg/payment-orchestrator/cmd/server/main.go:180.32,188.2 4 5
github.com/yourorg/payment-orchestrator/cmd/server/main.go:190.13,195.16 3 0
github.com/yourorg/payment-orchestrator/cmd/server/main.go:195.16,197.3 1 0
github.com/yourorg/payment-orchestrator/cmd/server/main.go:198.2,198.15 1 0
github.com/yourorg/payment-orchestrator/cmd/server/main.go:198.15,199.59 1 0
github.com/yourorg/payment-orchestrator/cmd/server/main.go:199.59,201.4 1 0
github.com/yourorg/payment-orchestrator/cmd/server/main.go:204.2,205.44 2 0
github.com/yourorg/payment-orchestrator/cmd/server/main.go:205.44,207.3 1 0
github.com/yourorg/payment-orchestrator/pkg/gen/protos/orchestratorexternalv1/external_request.pb.go:37.35,39.29 2 0
github.com/yourorg/payment-orchestrator/pkg/gen/protos/orchestratorexternalv1/external_request.pb.go:39.29,43.3 3 0
github.com/yourorg/payment-orchestrator/pkg/gen/protos/orchestratorexternalv1/external_request.pb.go:46.43,48.2 1 0
github.com/yourorg/payment-orchestrator/pkg/gen/protos/orchestratorexternalv1/external_request.pb.go:50.41,50.42 0 0
github.com/yourorg/payment-orchestrator/pkg/gen/protos/orchestratorexternalv1/external_request.pb.go:52.63,54.41 2 0
github.com/yourorg/payment-orchestrator/pkg/gen/protos/orchestratorexternalv1/external_request.pb.go:54.41,56.34 2 0
github.com/yourorg/payment-orchestrator/pkg/gen/protos/orchestratorexternalv1/external_request.pb.go:56.34,58.4 1 0
github.com/yourorg/payment-orchestrator/pkg/gen/protos/orchestratorexternalv1/external_request.pb.go:59.3,59.12 1 0
github.com/yourorg/payment-orchestrator/pkg/gen/protos/orchestratorexternalv1/external_request.pb.go:61.2,61.24 1 0
github.com/yourorg/payment-orchestrator/pkg/gen/protos/orchestratorexternalv1/external_request.pb.go:65.54,67.2 1 0
github.com/yourorg/payment-orchestrator/pkg/gen/protos/orchestratorexternalv1/external_request.pb.go:69.49,70.14 1 0
github.com/yourorg/payment-orchestrator/pkg/gen/protos/orchestratorexternalv1/external_request.pb.go:70.14,72.3 1 0
github.com/yourorg/payment-orchestrator/pkg/gen/protos/orchestratorexternalv1/external_request.pb.go:73.2,73.11 1 0
github.com/yourorg/payment-orchestrator/pkg/gen/protos/orchestratorexternalv1/external_request.pb.go:76.50,77.14 1 0
github.com/yourorg/payment-orchestrator/pkg/gen/protos/orchestratorexternalv1/external_request.pb.go:77.14,79.3 1 0
github.com/yourorg/payment-orchestrator/pkg/gen/protos/orchestratorexternalv1/external_request.pb.go:80.2,80.11 1 0
github.com/yourorg/payment-orchestrator/pkg/gen/protos/orchestratorexternalv1/external_request.pb.go:83.45,84.14 1 0
github.com/yourorg/payment-orchestrator/pkg/gen/protos/orchestratorexternalv1/external_request.pb.go:84.14,86.3 1 0
github.com/yourorg/payment-orchestrator/pkg/gen/protos/orchestratorexternalv1/external_request.pb.go:87.2,87.10 1 0
github.com/yourorg/payment-orchestrator/pkg/gen/protos/orchestratorexternalv1/external_request.pb.go:90.48,91.14 1 0
github.com/yourorg/payment-orchestrator/pkg/gen/protos/orchestratorexternalv1/external_request.pb.go:91.14,93.3 1 0
github.com/yourorg/payment-orchestrator/pkg/gen/protos/orchestratorexternalv1/external_request.pb.go:94.2,94.11 1 0
github.com/yourorg/payment-orchestrator/pkg/gen/protos/orchestratorexternalv1/external_request.pb.go:97.58,98.14 1 0
github.com/yourorg/payment-orchestrator/pkg/gen/protos/orchestratorexternalv1/external_request.pb.go:98.14,100.3 1 0
github.com/yourorg/payment-orchestrator/pkg/gen/protos/orchestratorexternalv1/external_request.pb.go:101.2,101.12 1 0
github.com/yourorg/payment-orchestrator/pkg/gen/protos/orchestratorexternalv1/external_request.pb.go:104.61,105.14 1 0
github.com/yourorg/payment-orchestrator/pkg/gen/protos/orchestratorexternalv1/external_request.pb.go:105.14,107.3 1 0
github.com/yourorg/payment-orchestrator/pkg/gen/protos/orchestratorexternalv1/external_request.pb.go:108.2,108.12 1 0
github.com/yourorg/payment-orchestrator/pkg/gen/protos/orchestratorexternalv1/external_request.pb.go:111.59,112.14 1 0
github.com/yourorg/payment-orchestrator/pkg/gen/protos/orchestratorexternalv1/external_request.pb.go:112.14,114.3 1 0
github.com/yourorg/payment-orchestrator/pkg/gen/protos/orchestratorexternalv1/external_request.pb.go:115.2,115.12 1 0
github.com/yourorg/payment-orchestrator/pkg/gen/protos/orchestratorexternalv1/external_request.pb.go:128.35,130.29 2 0
github.com/yourorg/payment-orchestrator/pkg/gen/protos/orchestratorexternalv1/external_request.pb.go:130.29,134.3 3 0
github.com/yourorg/payment-orchestrator/pkg/gen/protos/orchestratorexternalv1/external_request.pb.go:137.43,139.2 1 0
github.com/yourorg/payment-orchestrator/pkg/gen/protos/orchestratorexternalv1/external_request.pb.go:141.41,141.42 0 0
github.com/yourorg/payment-orchestrator/pkg/gen/protos/orchestratorexternalv1/external_request.pb.go:143.63,145.41 2 0
github.com/yourorg/payment-orchestrator/pkg/gen/protos/orchestratorexternalv1/external_request.pb.go:145.41,147.34 2 0
github.com/yourorg/payment-orchestrator/pkg/gen/protos/orchestratorexternalv1/external_request.pb.go:147.34,149.4 1 0
github.com/yourorg/payment-orchestrator/pkg/gen/protos/orchestratorexternalv1/external_request.pb.go:150.3,150.12 1 0
github.com/yourorg/payment-orchestrator/pkg/gen/protos/orchestratorexternalv1/external_request.pb.go:152.2,152.24 1 0
github.com/yourorg/payment-orchestrator/pkg/gen/protos/orchestratorexternalv1/external_request.pb.go:156.54,158.2 1 0
github.com/yourorg/payment-orchestrator/pkg/gen/protos/orchestratorexternalv1/external_request.pb.go:160.44,161.14 1 0
github.com/yourorg/payment-orchestrator/pkg/gen/protos/orchestratorexternalv1/external_request.pb.go:161.14,163.3 1 0
github.com/yourorg/payment-orchestrator/pkg/gen/protos/orchestratorexternalv1/external_request.pb.go:164.2,164.11 1 0
github.com/yourorg/payment-orchestrator/pkg/gen/protos/orchestratorexternalv1/external_request.pb.go:167.45,168.14 1 0
github.com/yourorg/payment-orchestrator/pkg/gen/protos/orchestratorexternalv1/external_request.pb.go:168.14,170.3 1 0
github.com/yourorg/payment-orchestrator/pkg/gen/protos/orchestratorexternalv1/external_request.pb.go:171.2,171.11 1 0
github.com/yourorg/payment-orchestrator/pkg/gen/protos/orchestratorexternalv1/external_request.pb.go:174.45,175.14 1 0
github.com/yourorg/payment-orchestrator/pkg/gen/protos/orchestratorexternalv1/external_request.pb.go:175.14,177.3 1 0
github.com/yourorg/payment-orchestrator/pkg/gen/protos/orchestratorexternalv1/external_request.pb.go:178.2,178.11 1 0
github.com/yourorg/payment-orchestrator/pkg/gen/protos/orchestratorexternalv1/external_request.pb.go:193.33,195.29 2 0
github.com/yourorg/payment-orchestrator/pkg/gen/protos/orchestratorexternalv1/external_request.pb.go:195.29,199.3 3 0
github.com/yourorg/payment-orchestrator/pkg/gen/protos/orchestratorexternalv1/external_request.pb.go:202.41,204.2 1 0
github.com/yourorg/payment-orchestrator/pkg/gen/protos/orchestratorexternalv1/external_request.pb.go:206.39,206.40 0 0
github.com/yourorg/payment-orchestrator/pkg/gen/protos/orchestratorexternalv1/external_request.pb.go:208.61,210.41 2 0
github.com/yourorg/payment-orchestrator/pkg/gen/protos/orchestratorexternalv1/external_request.pb.go:210.41,212.34 2 0
github.com/yourorg/payment-orchestrator/pkg/gen/protos/orchestratorexternalv1/external_request.pb.go:212.34,214.4 1 0
github.com/yourorg/payment-orchestrator/pkg/gen/protos/orchestratorexternalv1/external_request.pb.go:215.3,215.12 1 0
github.com/yourorg/payment-orchestrator/pkg/gen/protos/orchestratorexternalv1/external_request.pb.go:217.2,217.24 1 0
github.com/yourorg/payment-orchestrator/pkg/gen/protos/orchestratorexternalv1/external_request.pb.go:221.52,223.2 1 0
github.com/yourorg/payment-orchestrator/pkg/gen/protos/orchestratorexternalv1/external_request.pb.go:225.60,226.14 1 0
github.com/yourorg/payment-orchestrator/pkg/gen/protos/orchestratorexternalv1/external_request.pb.go:226.14,228.3 1 0
github.com/yourorg/payment-orchestrator/pkg/gen/protos/orchestratorexternalv1/external_request.pb.go:229.2,229.12 1 0
github.com/yourorg/payment-orchestrator/pkg/gen/protos/orchestratorexternalv1/external_request.pb.go:232.45,233.54 1 0
github.com/yourorg/payment-orchestrator/pkg/gen/protos/orchestratorexternalv1/external_request.pb.go:233.54,235.3 1 0
github.com/yourorg/payment-orchestrator/pkg/gen/protos/orchestratorexternalv1/external_request.pb.go:236.2,236.12 1 0
github.com/yourorg/payment-orchestrator/pkg/gen/protos/orchestratorexternalv1/external_request.pb.go:239.49,240.56 1 0
github.com/yourorg/payment-orchestrator/pkg/gen/protos/orchestratorexternalv1/external_request.pb.go:240.56,242.3 1 0
github.com/yourorg/payment-orchestrator/pkg/gen/protos/orchestratorexternalv1/external_request.pb.go:243.2,243.12 1 0
github.com/yourorg/payment-orchestrator/pkg/gen/protos/orchestratorexternalv1/external_request.pb.go:258.54,258.55 0 0
github.com/yourorg/payment-orchestrator/pkg/gen/protos/orchestratorexternalv1/external_request.pb.go:260.56,260.57 0 0
github.com/yourorg/payment-orchestrator/pkg/gen/protos/orchestratorexternalv1/external_request.pb.go:273.28,275.29 2 0
github.com/yourorg/payment-orchestrator/pkg/gen/protos/orchestratorexternalv1/external_request.pb.go:275.29,279.3 3 0
github.com/yourorg/payment-orchestrator/pkg/gen/protos/orchestratorexternalv1/external_request.pb.go:282.36,284.2 1 0
github.com/yourorg/payment-orchestrator/pkg/gen/protos/orchestratorexternalv1/external_request.pb.go:286.34,286.35 0 0
github.com/yourorg/payment-orchestrator/pkg/gen/protos/orchestratorexternalv1/external_request.pb.go:288.56,290.41 2 0
github.com/yourorg/payment-orchestrator/pkg/gen/protos/orchestratorexternalv1/external_request.pb.go:290.41,292.34 2 0
github.com/yourorg/payment-orchestrator/pkg/gen/protos/orchestratorexternalv1/external_request.pb.go:292.34,294.4 1 0
github.com/yourorg/payment-orchestrator/pkg/gen/protos/orchestratorexternalv1/external_request.pb.go:295.3,295.12 1 0
github.com/yourorg/payment-orchestrator/pkg/gen/protos/orchestratorexternalv1/external_request.pb.go:297.2,297.24 1 0
github.com/yourorg/payment-orchestrator/pkg/gen/protos/orchestratorexternalv1/external_request.pb.go:301.47,303.2 1 0
github.com/yourorg/payment-orchestrator/pkg/gen/protos/orchestratorexternalv1/external_request.pb.go:305.43,306.14 1 0
github.com/yourorg/payment-orchestrator/pkg/gen/protos/orchestratorexternalv1/external_request.pb.go:306.14,308.3 1 0
github.com/yourorg/payment-orchestrator/pkg/gen/protos/orchestratorexternalv1/external_request.pb.go:309.2,309.11 1 0
github.com/yourorg/payment-orchestrator/pkg/gen/protos/orchestratorexternalv1/external_request.pb.go:312.44,313.14 1 0
github.com/yourorg/payment-orchestrator/pkg/gen/protos/orchestratorexternalv1/external_request.pb.go:313.14,315.3 1 0
github.com/yourorg/payment-orchestrator/pkg/gen/protos/orchestratorexternalv1/external_request.pb.go:316.2,316.11 1 0
github.com/yourorg/payment-orchestrator/pkg/gen/protos/orchestratorexternalv1/external_request.pb.go:319.43,320.14 1 0
github.com/yourorg/payment-orchestrator/pkg/gen/protos/orchestratorexternalv1/external_request.pb.go:320.14,322.3 1 0
github.com/yourorg/payment-orchestrator/pkg/gen/protos/orchestratorexternalv1/external_request.pb.go:323.2,323.11 1 0
github.com/yourorg/payment-orchestrator/pkg/gen/protos/orchestratorexternalv1/external_request.pb.go:326.36,327.14 1 0
github.com/yourorg/payment-orchestrator/pkg/gen/protos/orchestratorexternalv1/external_request.pb.go:327.14,329.3 1 0
github.com/yourorg/payment-orchestrator/pkg/gen/protos/orchestratorexternalv1/external_request.pb.go:330.2,330.11 1 0
github.com/yourorg/payment-orchestrator/pkg/gen/protos/orchestratorexternalv1/external_request.pb.go:342.30,344.29 2 0
github.com/yourorg/payment-orchestrator/pkg/gen/protos/orchestratorexternalv1/external_request.pb.go:344.29,348.3 3 0
github.com/yourorg/payment-orchestrator/pkg/gen/protos/orchestratorexternalv1/external_request.pb.go:351.38,353.2 1 0
github.com/yourorg/payment-orchestrator/pkg/gen/protos/orchestratorexternalv1/external_request.pb.go:355.36,355.37 0 0
github.com/yourorg/payment-orchestrator/pkg/gen/protos/orchestratorexternalv1/external_request.pb.go:357.58,359.41 2 0
github.com/yourorg/payment-orchestrator/pkg/gen/protos/orchestratorexternalv1/external_request.pb.go:359.41,361.34 2 0
github.com/yourorg/payment-orchestrator/pkg/gen/protos/orchestratorexternalv1/external_request.pb.go:361.34,363.4 1 0
github.com/yourorg/payment-orchestrator/pkg/gen/protos/orchestratorexternalv1/external_request.pb.go:364.3,364.12 1 0
github.com/yourorg/payment-orchestrator/pkg/gen/protos/orchestratorexternalv1/external_request.pb.go:366.2,366.24 1 0
github.com/yourorg/payment-orchestrator/pkg/gen/protos/orchestratorexternalv1/external_request.pb.go:370.49,372.2 1 0
github.com/yourorg/payment-orchestrator/pkg/gen/protos/orchestratorexternalv1/external_request.pb.go:374.45,375.14 1 0
github.com/yourorg/payment-orchestrator/pkg/gen/protos/orchestratorexternalv1/external_request.pb.go:375.14,377.3 1 0
github.com/yourorg/payment-orchestrator/pkg/gen/protos/orchestratorexternalv1/external_request.pb.go:378.2,378.11 1 0
github.com/yourorg/payment-orchestrator/pkg/gen/protos/orchestratorexternalv1/external_request.pb.go:381.40,382.14 1 0
github.com/yourorg/payment-orchestrator/pkg/gen/protos/orchestratorexternalv1/external_request.pb.go:382.14,384.3 1 0
github.com/yourorg/payment-orchestrator/pkg/gen/protos/orchestratorexternalv1/external_request.pb.go:385.2,385.11 1 0
github.com/yourorg/payment-orchestrator/pkg/gen/protos/orchestratorexternalv1/external_request.pb.go:460.85,461.82 1 0
github.com/yourorg/payment-orchestrator/pkg/gen/protos/orchestratorexternalv1/external_request.pb.go:461.82,463.3 1 0
github.com/yourorg/payment-orchestrator/pkg/gen/protos/orchestratorexternalv1/external_request.pb.go:464.2,464.78 1 0
github.com/yourorg/payment-orchestrator/pkg/gen/protos/orchestratorexternalv1/external_request.pb.go:489.13,489.81 1 1
github.com/yourorg/payment-orchestrator/pkg/gen/protos/orchestratorexternalv1/external_request.pb.go:490.71,491.70 1 1
github.com/yourorg/payment-orchestrator/pkg/gen/protos/orchestratorexternalv1/external_request.pb.go:491.70,493.3 1 0
github.com/yourorg/payment-orchestrator/pkg/gen/protos/orchestratorexternalv1/external_request.pb.go:494.2,494.30 1 1
github.com/yourorg/payment-orchestrator/pkg/gen/protos/orchestratorexternalv1/external_request.pb.go:494.30,495.123 1 0
github.com/yourorg/payment-orchestrator/pkg/gen/protos/orchestratorexternalv1/external_request.pb.go:495.123,496.40 1 0
github.com/yourorg/payment-orchestrator/pkg/gen/protos/orchestratorexternalv1/external_request.pb.go:497.11,498.20 1 0
github.com/yourorg/payment-orchestrator/pkg/gen/protos/orchestratorexternalv1/external_request.pb.go:499.11,500.24 1 0
github.com/yourorg/payment-orchestrator/pkg/gen/protos/orchestratorexternalv1/external_request.pb.go:501.11,502.28 1 0
github.com/yourorg/payment-orchestrator/pkg/gen/protos/orchestratorexternalv1/external_request.pb.go:503.12,504.15 1 0
github.com/yourorg/payment-orchestrator/pkg/gen/protos/orchestratorexternalv1/external_request.pb.go:507.3,507.123 1 0
github.com/yourorg/payment-orchestrator/pkg/gen/protos/orchestratorexternalv1/external_request.pb.go:507.123,508.40 1 0
github.com/yourorg/payment-orchestrator/pkg/gen/protos/orchestratorexternalv1/external_request.pb.go:509.11,510.20 1 0
github.com/yourorg/payment-orchestrator/pkg/gen/protos/orchestratorexternalv1/external_request.pb.go:511.11,512.24 1 0
github.com/yourorg/payment-orchestrator/pkg/gen/protos/orchestratorexternalv1/external_request.pb.go:513.11,514.28 1 0
github.com/yourorg/payment-orchestrator/pkg/gen/protos/orchestratorexternalv1/external_request.pb.go:515.12,516.15 1 0
github.com/yourorg/payment-orchestrator/pkg/gen/protos/orchestratorexternalv1/external_request.pb.go:519.3,519.123 1 0
github.com/yourorg/payment-orchestrator/pkg/gen/protos/orchestratorexternalv1/external_request.pb.go:519.123,520.38 1 0
github.com/yourorg/payment-orchestrator/pkg/gen/protos/orchestratorexternalv1/external_request.pb.go:521.11,522.20 1 0
github.com/yourorg/payment-orchestrator/pkg/gen/protos/orchestratorexternalv1/external_request.pb.go:523.11,524.24 1 0
github.com/yourorg/payment-orchestrator/pkg/gen/protos/orchestratorexternalv1/external_request.pb.go:525.11,526.28 1 0
github.com/yourorg/payment-orchestrator/pkg/gen/protos/orchestratorexternalv1/external_request.pb.go:527.12,528.15 1 0
github.com/yourorg/payment-orchestrator/pkg/gen/protos/orchestratorexternalv1/external_request.pb.go:531.3,531.123 1 0
github.com/yourorg/payment-orchestrator/pkg/gen/protos/orchestratorexternalv1/external_request.pb.go:531.123,532.33 1 0
github.com/yourorg/payment-orchestrator/pkg/gen/protos/orchestratorexternalv1/external_request.pb.go:533.11,534.20 1 0
github.com/yourorg/payment-orchestrator/pkg/gen/protos/orchestratorexternalv1/external_request.pb.go:535.11,536.24 1 0
github.com/yourorg/payment-orchestrator/pkg/gen/protos/orchestratorexternalv1/external_request.pb.go:537.11,538.28 1 0
github.com/yourorg/payment-orchestrator/pkg/gen/protos/orchestratorexternalv1/external_request.pb.go:539.12,540.15 1 0
github.com/yourorg/payment-orchestrator/pkg/gen/protos/orchestratorexternalv1/external_request.pb.go:543.3,543.123 1 0
github.com/yourorg/payment-orchestrator/pkg/gen/protos/orchestratorexternalv1/external_request.pb.go:543.123,544.35 1 0
github.com/yourorg/payment-orchestrator/pkg/gen/protos/orchestratorexternalv1/external_request.pb.go:545.11,546.20 1 0
github.com/yourorg/payment-orchestrator/pkg/gen/protos/orchestratorexternalv1/external_request.pb.go:547.11,548.24 1 0
github.com/yourorg/payment-orchestrator/pkg/gen/protos/orchestratorexternalv1/external_request.pb.go:549.11,550.28 1 0
github.com/yourorg/payment-orchestrator/pkg/gen/protos/orchestratorexternalv1/external_request.pb.go:551.12,552.15 1 0
github.com/yourorg/payment-orchestrator/pkg/gen/protos/orchestratorexternalv1/external_request.pb.go:556.2,577.73 7 1
github.com/yourorg/payment-orchestrator/pkg/gen/protos/orchestratorinternalv1/payment_plan.pb.go:32.31,34.29 2 0
github.com/yourorg/payment-orchestrator/pkg/gen/protos/orchestratorinternalv1/payment_plan.pb.go:34.29,38.3 3 0
github.com/yourorg/payment-orchestrator/pkg/gen/protos/orchestratorinternalv1/payment_plan.pb.go:41.39,43.2 1 0
github.com/yourorg/payment-orchestrator/pkg/gen/protos/orchestratorinternalv1/payment_plan.pb.go:45.37,45.38 0 0
github.com/yourorg/payment-orchestrator/pkg/gen/protos/orchestratorinternalv1/payment_plan.pb.go:47.59,49.41 2 0
github.com/yourorg/payment-orchestrator/pkg/gen/protos/orchestratorinternalv1/payment_plan.pb.go:49.41,51.34 2 0
github.com/yourorg/payment-orchestrator/pkg/gen/protos/orchestratorinternalv1/payment_plan.pb.go:51.34,53.4 1 0
github.com/yourorg/payment-orchestrator/pkg/gen/protos/orchestratorinternalv1/payment_plan.pb.go:54.3,54.12 1 0
github.com/yourorg/payment-orchestrator/pkg/gen/protos/orchestratorinternalv1/payment_plan.pb.go:56.2,56.24 1 0
github.com/yourorg/payment-orchestrator/pkg/gen/protos/orchestratorinternalv1/payment_plan.pb.go:60.50,62.2 1 0
github.com/yourorg/payment-orchestrator/pkg/gen/protos/orchestratorinternalv1/payment_plan.pb.go:64.42,65.14 1 0
github.com/yourorg/payment-orchestrator/pkg/gen/protos/orchestratorinternalv1/payment_plan.pb.go:65.14,67.3 1 0
github.com/yourorg/payment-orchestrator/pkg/gen/protos/orchestratorinternalv1/payment_plan.pb.go:68.2,68.11 1 0
github.com/yourorg/payment-orchestrator/pkg/gen/protos/orchestratorinternalv1/payment_plan.pb.go:71.49,72.14 1 0
github.com/yourorg/payment-orchestrator/pkg/gen/protos/orchestratorinternalv1/payment_plan.pb.go:72.14,74.3 1 0
github.com/yourorg/payment-orchestrator/pkg/gen/protos/orchestratorinternalv1/payment_plan.pb.go:75.2,75.12 1 0
github.com/yourorg/payment-orchestrator/pkg/gen/protos/orchestratorinternalv1/payment_plan.pb.go:108.81,109.78 1 0
github.com/yourorg/payment-orchestrator/pkg/gen/protos/orchestratorinternalv1/payment_plan.pb.go:109.78,111.3 1 0
github.com/yourorg/payment-orchestrator/pkg/gen/protos/orchestratorinternalv1/payment_plan.pb.go:112.2,112.74 1 0
github.com/yourorg/payment-orchestrator/pkg/gen/protos/orchestratorinternalv1/payment_plan.pb.go:129.13,129.77 1 1
github.com/yourorg/payment-orchestrator/pkg/gen/protos/orchestratorinternalv1/payment_plan.pb.go:130.67,131.66 1 1
github.com/yourorg/payment-orchestrator/pkg/gen/protos/orchestratorinternalv1/payment_plan.pb.go:131.66,133.3 1 0
github.com/yourorg/payment-orchestrator/pkg/gen/protos/orchestratorinternalv1/payment_plan.pb.go:134.2,135.30 2 1
github.com/yourorg/payment-orchestrator/pkg/gen/protos/orchestratorinternalv1/payment_plan.pb.go:135.30,136.119 1 0
github.com/yourorg/payment-orchestrator/pkg/gen/protos/orchestratorinternalv1/payment_plan.pb.go:136.119,137.36 1 0
github.com/yourorg/payment-orchestrator/pkg/gen/protos/orchestratorinternalv1/payment_plan.pb.go:138.11,139.20 1 0
github.com/yourorg/payment-orchestrator/pkg/gen/protos/orchestratorinternalv1/payment_plan.pb.go:140.11,141.24 1 0
github.com/yourorg/payment-orchestrator/pkg/gen/protos/orchestratorinternalv1/payment_plan.pb.go:142.11,143.28 1 0
github.com/yourorg/payment-orchestrator/pkg/gen/protos/orchestratorinternalv1/payment_plan.pb.go:144.12,145.15 1 0
github.com/yourorg/payment-orchestrator/pkg/gen/protos/orchestratorinternalv1/payment_plan.pb.go:149.2,166.69 6 1
github.com/yourorg/payment-orchestrator/pkg/gen/protos/orchestratorinternalv1/payment_step.pb.go:41.31,43.29 2 0
github.com/yourorg/payment-orchestrator/pkg/gen/protos/orchestratorinternalv1/payment_step.pb.go:43.29,47.3 3 0
github.com/yourorg/payment-orchestrator/pkg/gen/protos/orchestratorinternalv1/payment_step.pb.go:50.39,52.2 1 0
github.com/yourorg/payment-orchestrator/pkg/gen/protos/orchestratorinternalv1/payment_step.pb.go:54.37,54.38 0 0
github.com/yourorg/payment-orchestrator/pkg/gen/protos/orchestratorinternalv1/payment_step.pb.go:56.59,58.41 2 0
github.com/yourorg/payment-orchestrator/pkg/gen/protos/orchestratorinternalv1/payment_step.pb.go:58.41,60.34 2 0
github.com/yourorg/payment-orchestrator/pkg/gen/protos/orchestratorinternalv1/payment_step.pb.go:60.34,62.4 1 0
github.com/yourorg/payment-orchestrator/pkg/gen/protos/orchestratorinternalv1/payment_step.pb.go:63.3,63.12 1 0
github.com/yourorg/payment-orchestrator/pkg/gen/protos/orchestratorinternalv1/payment_step.pb.go:65.2,65.24 1 0
github.com/yourorg/payment-orchestrator/pkg/gen/protos/orchestratorinternalv1/payment_step.pb.go:69.50,71.2 1 0
github.com/yourorg/payment-orchestrator/pkg/gen/protos/orchestratorinternalv1/payment_step.pb.go:73.42,74.14 1 8
github.com/yourorg/payment-orchestrator/pkg/gen/protos/orchestratorinternalv1/payment_step.pb.go:74.14,76.3 1 8
github.com/yourorg/payment-orchestrator/pkg/gen/protos/orchestratorinternalv1/payment_step.pb.go:77.2,77.11 1 0
github.com/yourorg/payment-orchestrator/pkg/gen/protos/orchestratorinternalv1/payment_step.pb.go:80.48,81.14 1 3
github.com/yourorg/payment-orchestrator/pkg/gen/protos/orchestratorinternalv1/payment_step.pb.go:81.14,83.3 1 3
github.com/yourorg/payment-orchestrator/pkg/gen/protos/orchestratorinternalv1/payment_step.pb.go:84.2,84.11 1 0
github.com/yourorg/payment-orchestrator/pkg/gen/protos/orchestratorinternalv1/payment_step.pb.go:87.41,88.14 1 1
github.com/yourorg/payment-orchestrator/pkg/gen/protos/orchestratorinternalv1/payment_step.pb.go:88.14,90.3 1 1
github.com/yourorg/payment-orchestrator/pkg/gen/protos/orchestratorinternalv1/payment_step.pb.go:91.2,91.10 1 0
github.com/yourorg/payment-orchestrator/pkg/gen/protos/orchestratorinternalv1/payment_step.pb.go:94.44,95.14 1 1
github.com/yourorg/payment-orchestrator/pkg/gen/protos/orchestratorinternalv1/payment_step.pb.go:95.14,97.3 1 1
github.com/yourorg/payment-orchestrator/pkg/gen/protos/orchestratorinternalv1/payment_step.pb.go:98.2,98.11 1 0
github.com/yourorg/payment-orchestrator/pkg/gen/protos/orchestratorinternalv1/payment_step.pb.go:101.42,102.14 1 0
github.com/yourorg/payment-orchestrator/pkg/gen/protos/orchestratorinternalv1/payment_step.pb.go:102.14,104.3 1 0
github.com/yourorg/payment-orchestrator/pkg/gen/protos/orchestratorinternalv1/payment_step.pb.go:105.2,105.14 1 0
github.com/yourorg/payment-orchestrator/pkg/gen/protos/orchestratorinternalv1/payment_step.pb.go:108.55,109.14 1 1
github.com/yourorg/payment-orchestrator/pkg/gen/protos/orchestratorinternalv1/payment_step.pb.go:109.14,111.3 1 1
github.com/yourorg/payment-orchestrator/pkg/gen/protos/orchestratorinternalv1/payment_step.pb.go:112.2,112.12 1 0
github.com/yourorg/payment-orchestrator/pkg/gen/protos/orchestratorinternalv1/payment_step.pb.go:115.62,116.14 1 0
github.com/yourorg/payment-orchestrator/pkg/gen/protos/orchestratorinternalv1/payment_step.pb.go:116.14,118.3 1 0
github.com/yourorg/payment-orchestrator/pkg/gen/protos/orchestratorinternalv1/payment_step.pb.go:119.2,119.12 1 0
github.com/yourorg/payment-orchestrator/pkg/gen/protos/orchestratorinternalv1/payment_step.pb.go:171.81,172.78 1 0
github.com/yourorg/payment-orchestrator/pkg/gen/protos/orchestratorinternalv1/payment_step.pb.go:172.78,174.3 1 0
github.com/yourorg/payment-orchestrator/pkg/gen/protos/orchestratorinternalv1/payment_step.pb.go:175.2,175.74 1 0
github.com/yourorg/payment-orchestrator/pkg/gen/protos/orchestratorinternalv1/payment_step.pb.go:194.13,194.77 1 1
github.com/yourorg/payment-orchestrator/pkg/gen/protos/orchestratorinternalv1/payment_step.pb.go:195.67,196.66 1 2
github.com/yourorg/payment-orchestrator/pkg/gen/protos/orchestratorinternalv1/payment_step.pb.go:196.66,198.3 1 1
github.com/yourorg/payment-orchestrator/pkg/gen/protos/orchestratorinternalv1/payment_step.pb.go:199.2,199.30 1 1
github.com/yourorg/payment-orchestrator/pkg/gen/protos/orchestratorinternalv1/payment_step.pb.go:199.30,200.119 1 0
github.com/yourorg/payment-orchestrator/pkg/gen/protos/orchestratorinternalv1/payment_step.pb.go:200.119,201.36 1 0
github.com/yourorg/payment-orchestrator/pkg/gen/protos/orchestratorinternalv1/payment_step.pb.go:202.11,203.20 1 0
github.com/yourorg/payment-orchestrator/pkg/gen/protos/orchestratorinternalv1/payment_step.pb.go:204.11,205.24 1 0
github.com/yourorg/payment-orchestrator/pkg/gen/protos/orchestratorinternalv1/payment_step.pb.go:206.11,207.28 1 0
github.com/yourorg/payment-orchestrator/pkg/gen/protos/orchestratorinternalv1/payment_step.pb.go:208.12,209.15 1 0
github.com/yourorg/payment-orchestrator/pkg/gen/protos/orchestratorinternalv1/payment_step.pb.go:213.2,230.69 6 1
github.com/yourorg/payment-orchestrator/pkg/gen/protos/orchestratorinternalv1/step_result.pb.go:37.30,39.29 2 0
github.com/yourorg/payment-orchestrator/pkg/gen/protos/orchestratorinternalv1/step_result.pb.go:39.29,43.3 3 0
github.com/yourorg/payment-orchestrator/pkg/gen/protos/orchestratorinternalv1/step_result.pb.go:46.38,48.2 1 0
github.com/yourorg/payment-orchestrator/pkg/gen/protos/orchestratorinternalv1/step_result.pb.go:50.36,50.37 0 0
github.com/yourorg/payment-orchestrator/pkg/gen/protos/orchestratorinternalv1/step_result.pb.go:52.58,54.41 2 0
github.com/yourorg/payment-orchestrator/pkg/gen/protos/orchestratorinternalv1/step_result.pb.go:54.41,56.34 2 0
github.com/yourorg/payment-orchestrator/pkg/gen/protos/orchestratorinternalv1/step_result.pb.go:56.34,58.4 1 0
github.com/yourorg/payment-orchestrator/pkg/gen/protos/orchestratorinternalv1/step_result.pb.go:59.3,59.12 1 0
github.com/yourorg/payment-orchestrator/pkg/gen/protos/orchestratorinternalv1/step_result.pb.go:61.2,61.24 1 0
github.com/yourorg/payment-orchestrator/pkg/gen/protos/orchestratorinternalv1/step_result.pb.go:65.49,67.2 1 0
github.com/yourorg/payment-orchestrator/pkg/gen/protos/orchestratorinternalv1/step_result.pb.go:69.41,70.14 1 0
github.com/yourorg/payment-orchestrator/pkg/gen/protos/orchestratorinternalv1/step_result.pb.go:70.14,72.3 1 0
github.com/yourorg/payment-orchestrator/pkg/gen/protos/orchestratorinternalv1/step_result.pb.go:73.2,73.11 1 0
github.com/yourorg/payment-orchestrator/pkg/gen/protos/orchestratorinternalv1/step_result.pb.go:76.40,77.14 1 5
github.com/yourorg/payment-orchestrator/pkg/gen/protos/orchestratorinternalv1/step_result.pb.go:77.14,79.3 1 5
github.com/yourorg/payment-orchestrator/pkg/gen/protos/orchestratorinternalv1/step_result.pb.go:80.2,80.14 1 0
github.com/yourorg/payment-orchestrator/pkg/gen/protos/orchestratorinternalv1/step_result.pb.go:83.47,84.14 1 0
github.com/yourorg/payment-orchestrator/pkg/gen/protos/orchestratorinternalv1/step_result.pb.go:84.14,86.3 1 0
github.com/yourorg/payment-orchestrator/pkg/gen/protos/orchestratorinternalv1/step_result.pb.go:87.2,87.11 1 0
github.com/yourorg/payment-orchestrator/pkg/gen/protos/orchestratorinternalv1/step_result.pb.go:90.44,91.14 1 1
github.com/yourorg/payment-orchestrator/pkg/gen/protos/orchestratorinternalv1/step_result.pb.go:91.14,93.3 1 1
github.com/yourorg/payment-orchestrator/pkg/gen/protos/orchestratorinternalv1/step_result.pb.go:94.2,94.11 1 0
github.com/yourorg/payment-orchestrator/pkg/gen/protos/orchestratorinternalv1/step_result.pb.go:97.47,98.14 1 0
github.com/yourorg/payment-orchestrator/pkg/gen/protos/orchestratorinternalv1/step_result.pb.go:98.14,100.3 1 0
github.com/yourorg/payment-orchestrator/pkg/gen/protos/orchestratorinternalv1/step_result.pb.go:101.2,101.11 1 0
github.com/yourorg/payment-orchestrator/pkg/gen/protos/orchestratorinternalv1/step_result.pb.go:104.43,105.14 1 0
github.com/yourorg/payment-orchestrator/pkg/gen/protos/orchestratorinternalv1/step_result.pb.go:105.14,107.3 1 0
github.com/yourorg/payment-orchestrator/pkg/gen/protos/orchestratorinternalv1/step_result.pb.go:108.2,108.10 1 0
github.com/yourorg/payment-orchestrator/pkg/gen/protos/orchestratorinternalv1/step_result.pb.go:111.53,112.14 1 0
github.com/yourorg/payment-orchestrator/pkg/gen/protos/orchestratorinternalv1/step_result.pb.go:112.14,114.3 1 0
github.com/yourorg/payment-orchestrator/pkg/gen/protos/orchestratorinternalv1/step_result.pb.go:115.2,115.12 1 0
github.com/yourorg/payment-orchestrator/pkg/gen/protos/orchestratorinternalv1/step_result.pb.go:160.80,161.77 1 0
github.com/yourorg/payment-orchestrator/pkg/gen/protos/orchestratorinternalv1/step_result.pb.go:161.77,163.3 1 0
github.com/yourorg/payment-orchestrator/pkg/gen/protos/orchestratorinternalv1/step_result.pb.go:164.2,164.73 1 0
github.com/yourorg/payment-orchestrator/pkg/gen/protos/orchestratorinternalv1/step_result.pb.go:181.13,181.76 1 1
github.com/yourorg/payment-orchestrator/pkg/gen/protos/orchestratorinternalv1/step_result.pb.go:182.66,183.65 1 1
github.com/yourorg/payment-orchestrator/pkg/gen/protos/orchestratorinternalv1/step_result.pb.go:183.65,185.3 1 0
github.com/yourorg/payment-orchestrator/pkg/gen/protos/orchestratorinternalv1/step_result.pb.go:186.2,186.30 1 1
github.com/yourorg/payment-orchestrator/pkg/gen/protos/orchestratorinternalv1/step_result.pb.go:186.30,187.118 1 0
github.com/yourorg/payment-orchestrator/pkg/gen/protos/orchestratorinternalv1/step_result.pb.go:187.118,188.35 1 0
github.com/yourorg/payment-orchestrator/pkg/gen/protos/orchestratorinternalv1/step_result.pb.go:189.11,190.20 1 0
github.com/yourorg/payment-orchestrator/pkg/gen/protos/orchestratorinternalv1/step_result.pb.go:191.11,192.24 1 0
github.com/yourorg/payment-orchestrator/pkg/gen/protos/orchestratorinternalv1/step_result.pb.go:193.11,194.28 1 0
github.com/yourorg/payment-orchestrator/pkg/gen/protos/orchestratorinternalv1/step_result.pb.go:195.12,196.15 1 0
github.com/yourorg/payment-orchestrator/pkg/gen/protos/orchestratorinternalv1/step_result.pb.go:200.2,217.68 6 1
github.com/yourorg/payment-orchestrator/internal/context/builder.go:21.78,25.2 1 2
github.com/yourorg/payment-orchestrator/internal/context/builder.go:28.77,30.2 1 3
github.com/yourorg/payment-orchestrator/internal/context/builder.go:33.91,35.9 2 5
github.com/yourorg/payment-orchestrator/internal/context/builder.go:35.9,37.3 1 2
github.com/yourorg/payment-orchestrator/internal/context/builder.go:38.2,38.20 1 3
github.com/yourorg/payment-orchestrator/internal/context/builder.go:48.71,52.2 1 1
github.com/yourorg/payment-orchestrator/internal/context/builder.go:55.126,56.19 1 3
github.com/yourorg/payment-orchestrator/internal/context/builder.go:56.19,58.3 1 1
github.com/yourorg/payment-orchestrator/internal/context/builder.go:60.2,63.16 3 2
github.com/yourorg/payment-orchestrator/internal/context/builder.go:63.16,66.3 1 1
github.com/yourorg/payment-orchestrator/internal/context/builder.go:68.2,69.16 2 1
github.com/yourorg/payment-orchestrator/internal/context/builder.go:69.16,72.3 1 0
github.com/yourorg/payment-orchestrator/internal/context/builder.go:74.2,74.33 1 1
github.com/yourorg/payment-orchestrator/internal/context/domain.go:55.124,68.2 1 2
github.com/yourorg/payment-orchestrator/internal/context/domain.go:71.57,72.27 1 2
github.com/yourorg/payment-orchestrator/internal/context/domain.go:72.27,74.3 1 0
github.com/yourorg/payment-orchestrator/internal/context/domain.go:75.2,75.28 1 2
github.com/yourorg/payment-orchestrator/internal/context/domain.go:78.71,79.51 1 5
github.com/yourorg/payment-orchestrator/internal/context/domain.go:79.51,81.3 1 0
github.com/yourorg/payment-orchestrator/internal/context/domain.go:82.2,82.61 1 5
github.com/yourorg/payment-orchestrator/internal/context/step.go:26.171,31.25 3 3
github.com/yourorg/payment-orchestrator/internal/context/step.go:31.25,33.3 1 1
github.com/yourorg/payment-orchestrator/internal/context/step.go:35.2,45.3 1 3
github.com/yourorg/payment-orchestrator/internal/context/trace.go:20.62,21.22 1 6
github.com/yourorg/payment-orchestrator/internal/context/trace.go:21.22,23.3 1 0
github.com/yourorg/payment-orchestrator/internal/context/trace.go:24.2,29.3 1 6
github.com/yourorg/payment-orchestrator/internal/context/trace.go:35.94,36.16 1 0
github.com/yourorg/payment-orchestrator/internal/context/trace.go:36.16,38.3 1 0
github.com/yourorg/payment-orchestrator/internal/context/trace.go:39.2,44.3 1 0
github.com/yourorg/payment-orchestrator/internal/context/trace.go:48.51,49.22 1 2
github.com/yourorg/payment-orchestrator/internal/context/trace.go:49.22,51.3 1 0
github.com/yourorg/payment-orchestrator/internal/context/trace.go:52.2,52.18 1 2
github.com/yourorg/payment-orchestrator/internal/context/trace.go:56.45,58.2 1 0
github.com/yourorg/payment-orchestrator/internal/context/trace.go:61.44,63.2 1 0
github.com/yourorg/payment-orchestrator/internal/context/trace.go:68.42,72.2 3 4
github.com/yourorg/payment-orchestrator/internal/context/trace.go:76.73,79.2 2 0
github.com/yourorg/payment-orchestrator/pkg/gen/protos/orchestratorexternalv1/external_request.pb.go:37.35,39.29 2 0
github.com/yourorg/payment-orchestrator/pkg/gen/protos/orchestratorexternalv1/external_request.pb.go:39.29,43.3 3 0
github.com/yourorg/payment-orchestrator/pkg/gen/protos/orchestratorexternalv1/external_request.pb.go:46.43,48.2 1 0
github.com/yourorg/payment-orchestrator/pkg/gen/protos/orchestratorexternalv1/external_request.pb.go:50.41,50.42 0 0
github.com/yourorg/payment-orchestrator/pkg/gen/protos/orchestratorexternalv1/external_request.pb.go:52.63,54.41 2 0
github.com/yourorg/payment-orchestrator/pkg/gen/protos/orchestratorexternalv1/external_request.pb.go:54.41,56.34 2 0
github.com/yourorg/payment-orchestrator/pkg/gen/protos/orchestratorexternalv1/external_request.pb.go:56.34,58.4 1 0
github.com/yourorg/payment-orchestrator/pkg/gen/protos/orchestratorexternalv1/external_request.pb.go:59.3,59.12 1 0
github.com/yourorg/payment-orchestrator/pkg/gen/protos/orchestratorexternalv1/external_request.pb.go:61.2,61.24 1 0
github.com/yourorg/payment-orchestrator/pkg/gen/protos/orchestratorexternalv1/external_request.pb.go:65.54,67.2 1 0
github.com/yourorg/payment-orchestrator/pkg/gen/protos/orchestratorexternalv1/external_request.pb.go:69.49,70.14 1 0
github.com/yourorg/payment-orchestrator/pkg/gen/protos/orchestratorexternalv1/external_request.pb.go:70.14,72.3 1 0
github.com/yourorg/payment-orchestrator/pkg/gen/protos/orchestratorexternalv1/external_request.pb.go:73.2,73.11 1 0
github.com/yourorg/payment-orchestrator/pkg/gen/protos/orchestratorexternalv1/external_request.pb.go:76.50,77.14 1 0
github.com/yourorg/payment-orchestrator/pkg/gen/protos/orchestratorexternalv1/external_request.pb.go:77.14,79.3 1 0
github.com/yourorg/payment-orchestrator/pkg/gen/protos/orchestratorexternalv1/external_request.pb.go:80.2,80.11 1 0
github.com/yourorg/payment-orchestrator/pkg/gen/protos/orchestratorexternalv1/external_request.pb.go:83.45,84.14 1 0
github.com/yourorg/payment-orchestrator/pkg/gen/protos/orchestratorexternalv1/external_request.pb.go:84.14,86.3 1 0
github.com/yourorg/payment-orchestrator/pkg/gen/protos/orchestratorexternalv1/external_request.pb.go:87.2,87.10 1 0
github.com/yourorg/payment-orchestrator/pkg/gen/protos/orchestratorexternalv1/external_request.pb.go:90.48,91.14 1 0
github.com/yourorg/payment-orchestrator/pkg/gen/protos/orchestratorexternalv1/external_request.pb.go:91.14,93.3 1 0
github.com/yourorg/payment-orchestrator/pkg/gen/protos/orchestratorexternalv1/external_request.pb.go:94.2,94.11 1 0
github.com/yourorg/payment-orchestrator/pkg/gen/protos/orchestratorexternalv1/external_request.pb.go:97.58,98.14 1 0
github.com/yourorg/payment-orchestrator/pkg/gen/protos/orchestratorexternalv1/external_request.pb.go:98.14,100.3 1 0
github.com/yourorg/payment-orchestrator/pkg/gen/protos/orchestratorexternalv1/external_request.pb.go:101.2,101.12 1 0
github.com/yourorg/payment-orchestrator/pkg/gen/protos/orchestratorexternalv1/external_request.pb.go:104.61,105.14 1 0
github.com/yourorg/payment-orchestrator/pkg/gen/protos/orchestratorexternalv1/external_request.pb.go:105.14,107.3 1 0
github.com/yourorg/payment-orchestrator/pkg/gen/protos/orchestratorexternalv1/external_request.pb.go:108.2,108.12 1 0
github.com/yourorg/payment-orchestrator/pkg/gen/protos/orchestratorexternalv1/external_request.pb.go:111.59,112.14 1 0
github.com/yourorg/payment-orchestrator/pkg/gen/protos/orchestratorexternalv1/external_request.pb.go:112.14,114.3 1 0
github.com/yourorg/payment-orchestrator/pkg/gen/protos/orchestratorexternalv1/external_request.pb.go:115.2,115.12 1 0
github.com/yourorg/payment-orchestrator/pkg/gen/protos/orchestratorexternalv1/external_request.pb.go:128.35,130.29 2 0
github.com/yourorg/payment-orchestrator/pkg/gen/protos/orchestratorexternalv1/external_request.pb.go:130.29,134.3 3 0
github.com/yourorg/payment-orchestrator/pkg/gen/protos/orchestratorexternalv1/external_request.pb.go:137.43,139.2 1 0
github.com/yourorg/payment-orchestrator/pkg/gen/protos/orchestratorexternalv1/external_request.pb.go:141.41,141.42 0 0
github.com/yourorg/payment-orchestrator/pkg/gen/protos/orchestratorexternalv1/external_request.pb.go:143.63,145.41 2 0
github.com/yourorg/payment-orchestrator/pkg/gen/protos/orchestratorexternalv1/external_request.pb.go:145.41,147.34 2 0
github.com/yourorg/payment-orchestrator/pkg/gen/protos/orchestratorexternalv1/external_request.pb.go:147.34,149.4 1 0
github.com/yourorg/payment-orchestrator/pkg/gen/protos/orchestratorexternalv1/external_request.pb.go:150.3,150.12 1 0
github.com/yourorg/payment-orchestrator/pkg/gen/protos/orchestratorexternalv1/external_request.pb.go:152.2,152.24 1 0
github.com/yourorg/payment-orchestrator/pkg/gen/protos/orchestratorexternalv1/external_request.pb.go:156.54,158.2 1 0
github.com/yourorg/payment-orchestrator/pkg/gen/protos/orchestratorexternalv1/external_request.pb.go:160.44,161.14 1 0
github.com/yourorg/payment-orchestrator/pkg/gen/protos/orchestratorexternalv1/external_request.pb.go:161.14,163.3 1 0
github.com/yourorg/payment-orchestrator/pkg/gen/protos/orchestratorexternalv1/external_request.pb.go:164.2,164.11 1 0
github.com/yourorg/payment-orchestrator/pkg/gen/protos/orchestratorexternalv1/external_request.pb.go:167.45,168.14 1 0
github.com/yourorg/payment-orchestrator/pkg/gen/protos/orchestratorexternalv1/external_request.pb.go:168.14,170.3 1 0
github.com/yourorg/payment-orchestrator/pkg/gen/protos/orchestratorexternalv1/external_request.pb.go:171.2,171.11 1 0
github.com/yourorg/payment-orchestrator/pkg/gen/protos/orchestratorexternalv1/external_request.pb.go:174.45,175.14 1 0
github.com/yourorg/payment-orchestrator/pkg/gen/protos/orchestratorexternalv1/external_request.pb.go:175.14,177.3 1 0
github.com/yourorg/payment-orchestrator/pkg/gen/protos/orchestratorexternalv1/external_request.pb.go:178.2,178.11 1 0
github.com/yourorg/payment-orchestrator/pkg/gen/protos/orchestratorexternalv1/external_request.pb.go:193.33,195.29 2 0
github.com/yourorg/payment-orchestrator/pkg/gen/protos/orchestratorexternalv1/external_request.pb.go:195.29,199.3 3 0
github.com/yourorg/payment-orchestrator/pkg/gen/protos/orchestratorexternalv1/external_request.pb.go:202.41,204.2 1 0
github.com/yourorg/payment-orchestrator/pkg/gen/protos/orchestratorexternalv1/external_request.pb.go:206.39,206.40 0 0
github.com/yourorg/payment-orchestrator/pkg/gen/protos/orchestratorexternalv1/external_request.pb.go:208.61,210.41 2 0
github.com/yourorg/payment-orchestrator/pkg/gen/protos/orchestratorexternalv1/external_request.pb.go:210.41,212.34 2 0
github.com/yourorg/payment-orchestrator/pkg/gen/protos/orchestratorexternalv1/external_request.pb.go:212.34,214.4 1 0
github.com/yourorg/payment-orchestrator/pkg/gen/protos/orchestratorexternalv1/external_request.pb.go:215.3,215.12 1 0
github.com/yourorg/payment-orchestrator/pkg/gen/protos/orchestratorexternalv1/external_request.pb.go:217.2,217.24 1 0
github.com/yourorg/payment-orchestrator/pkg/gen/protos/orchestratorexternalv1/external_request.pb.go:221.52,223.2 1 0
github.com/yourorg/payment-orchestrator/pkg/gen/protos/orchestratorexternalv1/external_request.pb.go:225.60,226.14 1 0
github.com/yourorg/payment-orchestrator/pkg/gen/protos/orchestratorexternalv1/external_request.pb.go:226.14,228.3 1 0
github.com/yourorg/payment-orchestrator/pkg/gen/protos/orchestratorexternalv1/external_request.pb.go:229.2,229.12 1 0
github.com/yourorg/payment-orchestrator/pkg/gen/protos/orchestratorexternalv1/external_request.pb.go:232.45,233.54 1 0
github.com/yourorg/payment-orchestrator/pkg/gen/protos/orchestratorexternalv1/external_request.pb.go:233.54,235.3 1 0
github.com/yourorg/payment-orchestrator/pkg/gen/protos/orchestratorexternalv1/external_request.pb.go:236.2,236.12 1 0
github.com/yourorg/payment-orchestrator/pkg/gen/protos/orchestratorexternalv1/external_request.pb.go:239.49,240.56 1 0
github.com/yourorg/payment-orchestrator/pkg/gen/protos/orchestratorexternalv1/external_request.pb.go:240.56,242.3 1 0
github.com/yourorg/payment-orchestrator/pkg/gen/protos/orchestratorexternalv1/external_request.pb.go:243.2,243.12 1 0
github.com/yourorg/payment-orchestrator/pkg/gen/protos/orchestratorexternalv1/external_request.pb.go:258.54,258.55 0 0
github.com/yourorg/payment-orchestrator/pkg/gen/protos/orchestratorexternalv1/external_request.pb.go:260.56,260.57 0 0
github.com/yourorg/payment-orchestrator/pkg/gen/protos/orchestratorexternalv1/external_request.pb.go:273.28,275.29 2 0
github.com/yourorg/payment-orchestrator/pkg/gen/protos/orchestratorexternalv1/external_request.pb.go:275.29,279.3 3 0
github.com/yourorg/payment-orchestrator/pkg/gen/protos/orchestratorexternalv1/external_request.pb.go:282.36,284.2 1 0
github.com/yourorg/payment-orchestrator/pkg/gen/protos/orchestratorexternalv1/external_request.pb.go:286.34,286.35 0 0
github.com/yourorg/payment-orchestrator/pkg/gen/protos/orchestratorexternalv1/external_request.pb.go:288.56,290.41 2 0
github.com/yourorg/payment-orchestrator/pkg/gen/protos/orchestratorexternalv1/external_request.pb.go:290.41,292.34 2 0
github.com/yourorg/payment-orchestrator/pkg/gen/protos/orchestratorexternalv1/external_request.pb.go:292.34,294.4 1 0
github.com/yourorg/payment-orchestrator/pkg/gen/protos/orchestratorexternalv1/external_request.pb.go:295.3,295.12 1 0
github.com/yourorg/payment-orchestrator/pkg/gen/protos/orchestratorexternalv1/external_request.pb.go:297.2,297.24 1 0
[...]
github.com/yourorg/payment-orchestrator/pkg/gen/protos/orchestratorexternalv1/external_request.pb.go:511.11,512.24 1 0
github.com/yourorg/payment-orchestrator/pkg/gen/protos/orchestratorexternalv1/external_request.pb.go:513.11,514.28 1 0
github.com/yourorg/payment-orchestrator/pkg/gen/protos/orchestratorexternalv1/external_request.pb.go:515.12,516.15 1 0
github.com/yourorg/payment-orchestrator/pkg/gen/protos/orchestratorexternalv1/external_request.pb.go:519.3,519.123 1 0
github.com/yourorg/payment-orchestrator/pkg/gen/protos/orchestratorexternalv1/external_request.pb.go:519.123,520.38 1 0
github.com/yourorg/payment-orchestrator/pkg/gen/protos/orchestratorexternalv1/external_request.pb.go:521.11,522.20 1 0
github.com/yourorg/payment-orchestrator/pkg/gen/protos/orchestratorexternalv1/external_request.pb.go:523.11,524.24 1 0
github.com/yourorg/payment-orchestrator/pkg/gen/protos/orchestratorexternalv1/external_request.pb.go:525.11,526.28 1 0
github.com/yourorg/payment-orchestrator/pkg/gen/protos/orchestratorexternalv1/external_request.pb.go:527.12,528.15 1 0
github.com/yourorg/payment-orchestrator/pkg/gen/protos/orchestratorexternalv1/external_request.pb.go:531.3,531.123 1 0
github.com/yourorg/payment-orchestrator/pkg/gen/protos/orchestratorexternalv1/external_request.pb.go:531.123,532.33 1 0
github.com/yourorg/payment-orchestrator/pkg/gen/protos/orchestratorexternalv1/external_request.pb.go:533.11,534.20 1 0
github.com/yourorg/payment-orchestrator/pkg/gen/protos/orchestratorexternalv1/external_request.pb.go:535.11,536.24 1 0
github.com/yourorg/payment-orchestrator/pkg/gen/protos/orchestratorexternalv1/external_request.pb.go:537.11,538.28 1 0
github.com/yourorg/payment-orchestrator/pkg/gen/protos/orchestratorexternalv1/external_request.pb.go:539.12,540.15 1 0
github.com/yourorg/payment-orchestrator/pkg/gen/protos/orchestratorexternalv1/external_request.pb.go:543.3,543.123 1 0
github.com/yourorg/payment-orchestrator/pkg/gen/protos/orchestratorexternalv1/external_request.pb.go:543.123,544.35 1 0
github.com/yourorg/payment-orchestrator/pkg/gen/protos/orchestratorexternalv1/external_request.pb.go:545.11,546.20 1 0
github.com/yourorg/payment-orchestrator/pkg/gen/protos/orchestratorexternalv1/external_request.pb.go:547.11,548.24 1 0
github.com/yourorg/payment-orchestrator/pkg/gen/protos/orchestratorexternalv1/external_request.pb.go:549.11,550.28 1 0
github.com/yourorg/payment-orchestrator/pkg/gen/protos/orchestratorexternalv1/external_request.pb.go:551.12,552.15 1 0
github.com/yourorg/payment-orchestrator/pkg/gen/protos/orchestratorexternalv1/external_request.pb.go:556.2,577.73 7 1
github.com/yourorg/payment-orchestrator/pkg/gen/protos/orchestratorinternalv1/payment_plan.pb.go:32.31,34.29 2 0
github.com/yourorg/payment-orchestrator/pkg/gen/protos/orchestratorinternalv1/payment_plan.pb.go:34.29,38.3 3 0
github.com/yourorg/payment-orchestrator/pkg/gen/protos/orchestratorinternalv1/payment_plan.pb.go:41.39,43.2 1 0
github.com/yourorg/payment-orchestrator/pkg/gen/protos/orchestratorinternalv1/payment_plan.pb.go:45.37,45.38 0 0
github.com/yourorg/payment-orchestrator/pkg/gen/protos/orchestratorinternalv1/payment_plan.pb.go:47.59,49.41 2 0
github.com/yourorg/payment-orchestrator/pkg/gen/protos/orchestratorinternalv1/payment_plan.pb.go:49.41,51.34 2 0
github.com/yourorg/payment-orchestrator/pkg/gen/protos/orchestratorinternalv1/payment_plan.pb.go:51.34,53.4 1 0
github.com/yourorg/payment-orchestrator/pkg/gen/protos/orchestratorinternalv1/payment_plan.pb.go:54.3,54.12 1 0
github.com/yourorg/payment-orchestrator/pkg/gen/protos/orchestratorinternalv1/payment_plan.pb.go:56.2,56.24 1 0
github.com/yourorg/payment-orchestrator/pkg/gen/protos/orchestratorinternalv1/payment_plan.pb.go:60.50,62.2 1 0
github.com/yourorg/payment-orchestrator/pkg/gen/protos/orchestratorinternalv1/payment_plan.pb.go:64.42,65.14 1 0
github.com/yourorg/payment-orchestrator/pkg/gen/protos/orchestratorinternalv1/payment_plan.pb.go:65.14,67.3 1 0
github.com/yourorg/payment-orchestrator/pkg/gen/protos/orchestratorinternalv1/payment_plan.pb.go:68.2,68.11 1 0
github.com/yourorg/payment-orchestrator/pkg/gen/protos/orchestratorinternalv1/payment_plan.pb.go:71.49,72.14 1 0
github.com/yourorg/payment-orchestrator/pkg/gen/protos/orchestratorinternalv1/payment_plan.pb.go:72.14,74.3 1 0
github.com/yourorg/payment-orchestrator/pkg/gen/protos/orchestratorinternalv1/payment_plan.pb.go:75.2,75.12 1 0
github.com/yourorg/payment-orchestrator/pkg/gen/protos/orchestratorinternalv1/payment_plan.pb.go:108.81,109.78 1 0
github.com/yourorg/payment-orchestrator/pkg/gen/protos/orchestratorinternalv1/payment_plan.pb.go:109.78,111.3 1 0
github.com/yourorg/payment-orchestrator/pkg/gen/protos/orchestratorinternalv1/payment_plan.pb.go:112.2,112.74 1 0
github.com/yourorg/payment-orchestrator/pkg/gen/protos/orchestratorinternalv1/payment_plan.pb.go:129.13,129.77 1 1
github.com/yourorg/payment-orchestrator/pkg/gen/protos/orchestratorinternalv1/payment_plan.pb.go:130.67,131.66 1 1
github.com/yourorg/payment-orchestrator/pkg/gen/protos/orchestratorinternalv1/payment_plan.pb.go:131.66,133.3 1 0
github.com/yourorg/payment-orchestrator/pkg/gen/protos/orchestratorinternalv1/payment_plan.pb.go:134.2,135.30 2 1
github.com/yourorg/payment-orchestrator/pkg/gen/protos/orchestratorinternalv1/payment_plan.pb.go:135.30,136.119 1 0
github.com/yourorg/payment-orchestrator/pkg/gen/protos/orchestratorinternalv1/payment_plan.pb.go:136.119,137.36 1 0
github.com/yourorg/payment-orchestrator/pkg/gen/protos/orchestratorinternalv1/payment_plan.pb.go:138.11,139.20 1 0
github.com/yourorg/payment-orchestrator/pkg/gen/protos/orchestratorinternalv1/payment_plan.pb.go:140.11,141.24 1 0
github.com/yourorg/payment-orchestrator/pkg/gen/protos/orchestratorinternalv1/payment_plan.pb.go:142.11,143.28 1 0
github.com/yourorg/payment-orchestrator/pkg/gen/protos/orchestratorinternalv1/payment_plan.pb.go:144.12,145.15 1 0
github.com/yourorg/payment-orchestrator/pkg/gen/protos/orchestratorinternalv1/payment_plan.pb.go:149.2,166.69 6 1
github.com/yourorg/payment-orchestrator/pkg/gen/protos/orchestratorinternalv1/payment_step.pb.go:41.31,43.29 2 0
github.com/yourorg/payment-orchestrator/pkg/gen/protos/orchestratorinternalv1/payment_step.pb.go:43.29,47.3 3 0
github.com/yourorg/payment-orchestrator/pkg/gen/protos/orchestratorinternalv1/payment_step.pb.go:50.39,52.2 1 72
github.com/yourorg/payment-orchestrator/pkg/gen/protos/orchestratorinternalv1/payment_step.pb.go:54.37,54.38 0 0
github.com/yourorg/payment-orchestrator/pkg/gen/protos/orchestratorinternalv1/payment_step.pb.go:56.59,58.41 2 144
github.com/yourorg/payment-orchestrator/pkg/gen/protos/orchestratorinternalv1/payment_step.pb.go:58.41,60.34 2 144
github.com/yourorg/payment-orchestrator/pkg/gen/protos/orchestratorinternalv1/payment_step.pb.go:60.34,62.4 1 2
github.com/yourorg/payment-orchestrator/pkg/gen/protos/orchestratorinternalv1/payment_step.pb.go:63.3,63.12 1 144
github.com/yourorg/payment-orchestrator/pkg/gen/protos/orchestratorinternalv1/payment_step.pb.go:65.2,65.24 1 0
github.com/yourorg/payment-orchestrator/pkg/gen/protos/orchestratorinternalv1/payment_step.pb.go:69.50,71.2 1 0
github.com/yourorg/payment-orchestrator/pkg/gen/protos/orchestratorinternalv1/payment_step.pb.go:73.42,74.14 1 48
github.com/yourorg/payment-orchestrator/pkg/gen/protos/orchestratorinternalv1/payment_step.pb.go:74.14,76.3 1 48
github.com/yourorg/payment-orchestrator/pkg/gen/protos/orchestratorinternalv1/payment_step.pb.go:77.2,77.11 1 0
github.com/yourorg/payment-orchestrator/pkg/gen/protos/orchestratorinternalv1/payment_step.pb.go:80.48,81.14 1 0
github.com/yourorg/payment-orchestrator/pkg/gen/protos/orchestratorinternalv1/payment_step.pb.go:81.14,83.3 1 0
github.com/yourorg/payment-orchestrator/pkg/gen/protos/orchestratorinternalv1/payment_step.pb.go:84.2,84.11 1 0
github.com/yourorg/payment-orchestrator/pkg/gen/protos/orchestratorinternalv1/payment_step.pb.go:87.41,88.14 1 0
github.com/yourorg/payment-orchestrator/pkg/gen/protos/orchestratorinternalv1/payment_step.pb.go:88.14,90.3 1 0
github.com/yourorg/payment-orchestrator/pkg/gen/protos/orchestratorinternalv1/payment_step.pb.go:91.2,91.10 1 0
github.com/yourorg/payment-orchestrator/pkg/gen/protos/orchestratorinternalv1/payment_step.pb.go:94.44,95.14 1 0
github.com/yourorg/payment-orchestrator/pkg/gen/protos/orchestratorinternalv1/payment_step.pb.go:95.14,97.3 1 0
github.com/yourorg/payment-orchestrator/pkg/gen/protos/orchestratorinternalv1/payment_step.pb.go:98.2,98.11 1 0
github.com/yourorg/payment-orchestrator/pkg/gen/protos/orchestratorinternalv1/payment_step.pb.go:101.42,102.14 1 0
github.com/yourorg/payment-orchestrator/pkg/gen/protos/orchestratorinternalv1/payment_step.pb.go:102.14,104.3 1 0
github.com/yourorg/payment-orchestrator/pkg/gen/protos/orchestratorinternalv1/payment_step.pb.go:105.2,105.14 1 0
github.com/yourorg/payment-orchestrator/pkg/gen/protos/orchestratorinternalv1/payment_step.pb.go:108.55,109.14 1 0
github.com/yourorg/payment-orchestrator/pkg/gen/protos/orchestratorinternalv1/payment_step.pb.go:109.14,111.3 1 0
github.com/yourorg/payment-orchestrator/pkg/gen/protos/orchestratorinternalv1/payment_step.pb.go:112.2,112.12 1 0
github.com/yourorg/payment-orchestrator/pkg/gen/protos/orchestratorinternalv1/payment_step.pb.go:115.62,116.14 1 0
github.com/yourorg/payment-orchestrator/pkg/gen/protos/orchestratorinternalv1/payment_step.pb.go:116.14,118.3 1 0
github.com/yourorg/payment-orchestrator/pkg/gen/protos/orchestratorinternalv1/payment_step.pb.go:119.2,119.12 1 0
github.com/yourorg/payment-orchestrator/pkg/gen/protos/orchestratorinternalv1/payment_step.pb.go:171.81,172.78 1 0
github.com/yourorg/payment-orchestrator/pkg/gen/protos/orchestratorinternalv1/payment_step.pb.go:172.78,174.3 1 0
github.com/yourorg/payment-orchestrator/pkg/gen/protos/orchestratorinternalv1/payment_step.pb.go:175.2,175.74 1 0
github.com/yourorg/payment-orchestrator/pkg/gen/protos/orchestratorinternalv1/payment_step.pb.go:194.13,194.77 1 1
github.com/yourorg/payment-orchestrator/pkg/gen/protos/orchestratorinternalv1/payment_step.pb.go:195.67,196.66 1 2
github.com/yourorg/payment-orchestrator/pkg/gen/protos/orchestratorinternalv1/payment_step.pb.go:196.66,198.3 1 1
github.com/yourorg/payment-orchestrator/pkg/gen/protos/orchestratorinternalv1/payment_step.pb.go:199.2,199.30 1 1
github.com/yourorg/payment-orchestrator/pkg/gen/protos/orchestratorinternalv1/payment_step.pb.go:199.30,200.119 1 0
github.com/yourorg/payment-orchestrator/pkg/gen/protos/orchestratorinternalv1/payment_step.pb.go:200.119,201.36 1 0
github.com/yourorg/payment-orchestrator/pkg/gen/protos/orchestratorinternalv1/payment_step.pb.go:202.11,203.20 1 0
github.com/yourorg/payment-orchestrator/pkg/gen/protos/orchestratorinternalv1/payment_step.pb.go:204.11,205.24 1 0
github.com/yourorg/payment-orchestrator/pkg/gen/protos/orchestratorinternalv1/payment_step.pb.go:206.11,207.28 1 0
github.com/yourorg/payment-orchestrator/pkg/gen/protos/orchestratorinternalv1/payment_step.pb.go:208.12,209.15 1 0
github.com/yourorg/payment-orchestrator/pkg/gen/protos/orchestratorinternalv1/payment_step.pb.go:213.2,230.69 6 1
github.com/yourorg/payment-orchestrator/pkg/gen/protos/orchestratorinternalv1/step_result.pb.go:37.30,39.29 2 0
github.com/yourorg/payment-orchestrator/pkg/gen/protos/orchestratorinternalv1/step_result.pb.go:39.29,43.3 3 0
github.com/yourorg/payment-orchestrator/pkg/gen/protos/orchestratorinternalv1/step_result.pb.go:46.38,48.2 1 0
github.com/yourorg/payment-orchestrator/pkg/gen/protos/orchestratorinternalv1/step_result.pb.go:50.36,50.37 0 0
github.com/yourorg/payment-orchestrator/pkg/gen/protos/orchestratorinternalv1/step_result.pb.go:52.58,54.41 2 0
github.com/yourorg/payment-orchestrator/pkg/gen/protos/orchestratorinternalv1/step_result.pb.go:54.41,56.34 2 0
github.com/yourorg/payment-orchestrator/pkg/gen/protos/orchestratorinternalv1/step_result.pb.go:56.34,58.4 1 0
github.com/yourorg/payment-orchestrator/pkg/gen/protos/orchestratorinternalv1/step_result.pb.go:59.3,59.12 1 0
github.com/yourorg/payment-orchestrator/pkg/gen/protos/orchestratorinternalv1/step_result.pb.go:61.2,61.24 1 0
github.com/yourorg/payment-orchestrator/pkg/gen/protos/orchestratorinternalv1/step_result.pb.go:65.49,67.2 1 0
github.com/yourorg/payment-orchestrator/pkg/gen/protos/orchestratorinternalv1/step_result.pb.go:69.41,70.14 1 0
github.com/yourorg/payment-orchestrator/pkg/gen/protos/orchestratorinternalv1/step_result.pb.go:70.14,72.3 1 0
github.com/yourorg/payment-orchestrator/pkg/gen/protos/orchestratorinternalv1/step_result.pb.go:73.2,73.11 1 0
github.com/yourorg/payment-orchestrator/pkg/gen/protos/orchestratorinternalv1/step_result.pb.go:76.40,77.14 1 5
github.com/yourorg/payment-orchestrator/pkg/gen/protos/orchestratorinternalv1/step_result.pb.go:77.14,79.3 1 5
github.com/yourorg/payment-orchestrator/pkg/gen/protos/orchestratorinternalv1/step_result.pb.go:80.2,80.14 1 0
github.com/yourorg/payment-orchestrator/pkg/gen/protos/orchestratorinternalv1/step_result.pb.go:83.47,84.14 1 5
github.com/yourorg/payment-orchestrator/pkg/gen/protos/orchestratorinternalv1/step_result.pb.go:84.14,86.3 1 5
github.com/yourorg/payment-orchestrator/pkg/gen/protos/orchestratorinternalv1/step_result.pb.go:87.2,87.11 1 0
github.com/yourorg/payment-orchestrator/pkg/gen/protos/orchestratorinternalv1/step_result.pb.go:90.44,91.14 1 9
github.com/yourorg/payment-orchestrator/pkg/gen/protos/orchestratorinternalv1/step_result.pb.go:91.14,93.3 1 9
github.com/yourorg/payment-orchestrator/pkg/gen/protos/orchestratorinternalv1/step_result.pb.go:94.2,94.11 1 0
github.com/yourorg/payment-orchestrator/pkg/gen/protos/orchestratorinternalv1/step_result.pb.go:97.47,98.14 1 9
github.com/yourorg/payment-orchestrator/pkg/gen/protos/orchestratorinternalv1/step_result.pb.go:98.14,100.3 1 9
github.com/yourorg/payment-orchestrator/pkg/gen/protos/orchestratorinternalv1/step_result.pb.go:101.2,101.11 1 0
github.com/yourorg/payment-orchestrator/pkg/gen/protos/orchestratorinternalv1/step_result.pb.go:104.43,105.14 1 0
github.com/yourorg/payment-orchestrator/pkg/gen/protos/orchestratorinternalv1/step_result.pb.go:105.14,107.3 1 0
github.com/yourorg/payment-orchestrator/pkg/gen/protos/orchestratorinternalv1/step_result.pb.go:108.2,108.10 1 0
github.com/yourorg/payment-orchestrator/pkg/gen/protos/orchestratorinternalv1/step_result.pb.go:111.53,112.14 1 0
github.com/yourorg/payment-orchestrator/pkg/gen/protos/orchestratorinternalv1/step_result.pb.go:112.14,114.3 1 0
github.com/yourorg/payment-orchestrator/pkg/gen/protos/orchestratorinternalv1/step_result.pb.go:115.2,115.12 1 0
github.com/yourorg/payment-orchestrator/pkg/gen/protos/orchestratorinternalv1/step_result.pb.go:160.80,161.77 1 0
github.com/yourorg/payment-orchestrator/pkg/gen/protos/orchestratorinternalv1/step_result.pb.go:161.77,163.3 1 0
github.com/yourorg/payment-orchestrator/pkg/gen/protos/orchestratorinternalv1/step_result.pb.go:164.2,164.73 1 0
github.com/yourorg/payment-orchestrator/pkg/gen/protos/orchestratorinternalv1/step_result.pb.go:181.13,181.76 1 1
github.com/yourorg/payment-orchestrator/pkg/gen/protos/orchestratorinternalv1/step_result.pb.go:182.66,183.65 1 1
github.com/yourorg/payment-orchestrator/pkg/gen/protos/orchestratorinternalv1/step_result.pb.go:183.65,185.3 1 0
github.com/yourorg/payment-orchestrator/pkg/gen/protos/orchestratorinternalv1/step_result.pb.go:186.2,186.30 1 1
github.com/yourorg/payment-orchestrator/pkg/gen/protos/orchestratorinternalv1/step_result.pb.go:186.30,187.118 1 0
github.com/yourorg/payment-orchestrator/pkg/gen/protos/orchestratorinternalv1/step_result.pb.go:187.118,188.35 1 0
github.com/yourorg/payment-orchestrator/pkg/gen/protos/orchestratorinternalv1/step_result.pb.go:189.11,190.20 1 0
github.com/yourorg/payment-orchestrator/pkg/gen/protos/orchestratorinternalv1/step_result.pb.go:191.11,192.24 1 0
github.com/yourorg/payment-orchestrator/pkg/gen/protos/orchestratorinternalv1/step_result.pb.go:193.11,194.28 1 0
github.com/yourorg/payment-orchestrator/pkg/gen/protos/orchestratorinternalv1/step_result.pb.go:195.12,196.15 1 0
github.com/yourorg/payment-orchestrator/pkg/gen/protos/orchestratorinternalv1/step_result.pb.go:200.2,217.68 6 1
github.com/yourorg/payment-orchestrator/internal/router/circuitbreaker/circuitbreaker.go:25.32,26.11 1 4
github.com/yourorg/payment-orchestrator/internal/router/circuitbreaker/circuitbreaker.go:27.19,28.18 1 1
github.com/yourorg/payment-orchestrator/internal/router/circuitbreaker/circuitbreaker.go:29.17,30.16 1 1
github.com/yourorg/payment-orchestrator/internal/router/circuitbreaker/circuitbreaker.go:31.21,32.20 1 1
github.com/yourorg/payment-orchestrator/internal/router/circuitbreaker/circuitbreaker.go:33.10,34.19 1 1
github.com/yourorg/payment-orchestrator/internal/router/circuitbreaker/circuitbreaker.go:62.55,63.34 1 11
github.com/yourorg/payment-orchestrator/internal/router/circuitbreaker/circuitbreaker.go:63.34,65.3 1 3
github.com/yourorg/payment-orchestrator/internal/router/circuitbreaker/circuitbreaker.go:66.2,66.30 1 11
github.com/yourorg/payment-orchestrator/internal/router/circuitbreaker/circuitbreaker.go:66.30,68.3 1 5
github.com/yourorg/payment-orchestrator/internal/router/circuitbreaker/circuitbreaker.go:69.2,72.3 1 11
github.com/yourorg/payment-orchestrator/internal/router/circuitbreaker/circuitbreaker.go:77.80,79.13 2 47
github.com/yourorg/payment-orchestrator/internal/router/circuitbreaker/circuitbreaker.go:79.13,86.3 2 11
github.com/yourorg/payment-orchestrator/internal/router/circuitbreaker/circuitbreaker.go:87.2,87.11 1 47
github.com/yourorg/payment-orchestrator/internal/router/circuitbreaker/circuitbreaker.go:92.66,98.25 4 27
github.com/yourorg/payment-orchestrator/internal/router/circuitbreaker/circuitbreaker.go:99.19,100.14 1 13
github.com/yourorg/payment-orchestrator/internal/router/circuitbreaker/circuitbreaker.go:101.17,102.55 1 14
github.com/yourorg/payment-orchestrator/internal/router/circuitbreaker/circuitbreaker.go:102.55,106.4 3 5
github.com/yourorg/payment-orchestrator/internal/router/circuitbreaker/circuitbreaker.go:107.3,107.15 1 9
github.com/yourorg/payment-orchestrator/internal/router/circuitbreaker/circuitbreaker.go:108.21,109.14 1 0
github.com/yourorg/payment-orchestrator/internal/router/circuitbreaker/circuitbreaker.go:110.10,111.14 1 0
github.com/yourorg/payment-orchestrator/internal/router/circuitbreaker/circuitbreaker.go:117.62,122.13 4 7
github.com/yourorg/payment-orchestrator/internal/router/circuitbreaker/circuitbreaker.go:122.13,124.3 1 3
github.com/yourorg/payment-orchestrator/internal/router/circuitbreaker/circuitbreaker.go:126.2,126.38 1 4
github.com/yourorg/payment-orchestrator/internal/router/circuitbreaker/circuitbreaker.go:126.38,129.3 2 3
github.com/yourorg/payment-orchestrator/internal/router/circuitbreaker/circuitbreaker.go:129.8,129.43 1 1
github.com/yourorg/payment-orchestrator/internal/router/circuitbreaker/circuitbreaker.go:129.43,130.33 1 1
github.com/yourorg/payment-orchestrator/internal/router/circuitbreaker/circuitbreaker.go:130.33,132.4 1 1
github.com/yourorg/payment-orchestrator/internal/router/circuitbreaker/circuitbreaker.go:138.62,145.38 5 20
github.com/yourorg/payment-orchestrator/internal/router/circuitbreaker/circuitbreaker.go:145.38,149.3 3 1
github.com/yourorg/payment-orchestrator/internal/router/circuitbreaker/circuitbreaker.go:149.8,149.43 1 19
github.com/yourorg/payment-orchestrator/internal/router/circuitbreaker/circuitbreaker.go:149.43,151.59 2 18
github.com/yourorg/payment-orchestrator/internal/router/circuitbreaker/circuitbreaker.go:151.59,154.4 2 9
github.com/yourorg/payment-orchestrator/internal/router/circuitbreaker/circuitbreaker.go:159.79,164.13 4 18
github.com/yourorg/payment-orchestrator/internal/router/circuitbreaker/circuitbreaker.go:164.13,166.3 1 3
github.com/yourorg/payment-orchestrator/internal/router/circuitbreaker/circuitbreaker.go:167.2,167.48 1 15
