mode: set
github.com/yourorg/payment-orchestrator/internal/orchestrator/orchestrator.go:57.17,58.14 1 1
github.com/yourorg/payment-orchestrator/internal/orchestrator/orchestrator.go:58.14,59.32 1 1
github.com/yourorg/payment-orchestrator/internal/orchestrator/orchestrator.go:61.2,61.15 1 1
github.com/yourorg/payment-orchestrator/internal/orchestrator/orchestrator.go:61.15,62.40 1 1
github.com/yourorg/payment-orchestrator/internal/orchestrator/orchestrator.go:64.2,64.16 1 1
github.com/yourorg/payment-orchestrator/internal/orchestrator/orchestrator.go:64.16,65.50 1 1
github.com/yourorg/payment-orchestrator/internal/orchestrator/orchestrator.go:67.2,71.3 1 1
github.com/yourorg/payment-orchestrator/internal/orchestrator/orchestrator.go:79.26,97.41 6 1
github.com/yourorg/payment-orchestrator/internal/orchestrator/orchestrator.go:97.41,99.3 1 1
github.com/yourorg/payment-orchestrator/internal/orchestrator/orchestrator.go:101.2,105.34 4 1
github.com/yourorg/payment-orchestrator/internal/orchestrator/orchestrator.go:105.34,106.18 1 1
github.com/yourorg/payment-orchestrator/internal/orchestrator/orchestrator.go:106.18,116.15 4 1
github.com/yourorg/payment-orchestrator/internal/orchestrator/orchestrator.go:120.3,125.28 4 1
github.com/yourorg/payment-orchestrator/internal/orchestrator/orchestrator.go:125.28,127.32 2 1
github.com/yourorg/payment-orchestrator/internal/orchestrator/orchestrator.go:127.32,135.5 1 1
github.com/yourorg/payment-orchestrator/internal/orchestrator/orchestrator.go:135.10,137.42 2 1
github.com/yourorg/payment-orchestrator/internal/orchestrator/orchestrator.go:137.42,139.6 1 1
github.com/yourorg/payment-orchestrator/internal/orchestrator/orchestrator.go:141.5,141.70 1 1
github.com/yourorg/payment-orchestrator/internal/orchestrator/orchestrator.go:141.70,143.6 1 1
github.com/yourorg/payment-orchestrator/internal/orchestrator/orchestrator.go:145.9,145.38 1 1
github.com/yourorg/payment-orchestrator/internal/orchestrator/orchestrator.go:145.38,156.4 2 1
github.com/yourorg/payment-orchestrator/internal/orchestrator/orchestrator.go:158.3,166.32 5 1
github.com/yourorg/payment-orchestrator/internal/orchestrator/orchestrator.go:166.32,168.4 1 1
github.com/yourorg/payment-orchestrator/internal/orchestrator/orchestrator.go:171.3,171.23 1 1
github.com/yourorg/payment-orchestrator/internal/orchestrator/orchestrator.go:171.23,176.41 4 1
github.com/yourorg/payment-orchestrator/internal/orchestrator/orchestrator.go:176.41,178.5 1 1
github.com/yourorg/payment-orchestrator/internal/orchestrator/orchestrator.go:180.4,180.35 1 1
github.com/yourorg/payment-orchestrator/internal/orchestrator/orchestrator.go:180.35,181.41 1 0
github.com/yourorg/payment-orchestrator/internal/orchestrator/orchestrator.go:181.41,181.96 1 0
github.com/yourorg/payment-orchestrator/internal/orchestrator/orchestrator.go:182.5,183.75 2 0
github.com/yourorg/payment-orchestrator/internal/orchestrator/orchestrator.go:185.9,187.40 2 1
github.com/yourorg/payment-orchestrator/internal/orchestrator/orchestrator.go:187.40,187.95 1 1
github.com/yourorg/payment-orchestrator/internal/orchestrator/orchestrator.go:188.4,191.102 4 1
github.com/yourorg/payment-orchestrator/internal/orchestrator/orchestrator.go:195.3,195.38 1 1
github.com/yourorg/payment-orchestrator/internal/orchestrator/orchestrator.go:195.38,198.39 2 1
github.com/yourorg/payment-orchestrator/internal/orchestrator/orchestrator.go:198.39,200.10 2 1
github.com/yourorg/payment-orchestrator/internal/orchestrator/orchestrator.go:201.10,201.31 1 1
github.com/yourorg/payment-orchestrator/internal/orchestrator/orchestrator.go:201.31,203.5 1 1
github.com/yourorg/payment-orchestrator/internal/orchestrator/orchestrator.go:203.10,205.5 1 1
github.com/yourorg/payment-orchestrator/internal/orchestrator/orchestrator.go:208.2,212.8 1 1
